{"meta": {"format": 3, "version": "7.8.0", "timestamp": "2025-10-30T22:13:45.589424", "branch_coverage": false, "show_contexts": false}, "files": {"workspace/api/__init__.py": {"executed_lines": [], "summary": {"covered_lines": 0, "num_statements": 3, "percent_covered": 0.0, "percent_covered_display": "0", "missing_lines": 3, "excluded_lines": 0}, "missing_lines": [20, 22, 24], "excluded_lines": [], "functions": {"": {"executed_lines": [], "summary": {"covered_lines": 0, "num_statements": 3, "percent_covered": 0.0, "percent_covered_display": "0", "missing_lines": 3, "excluded_lines": 0}, "missing_lines": [20, 22, 24], "excluded_lines": []}}, "classes": {"": {"executed_lines": [], "summary": {"covered_lines": 0, "num_statements": 3, "percent_covered": 0.0, "percent_covered_display": "0", "missing_lines": 3, "excluded_lines": 0}, "missing_lines": [20, 22, 24], "excluded_lines": []}}}, "workspace/api/config.py": {"executed_lines": [], "summary": {"covered_lines": 0, "num_statements": 81, "percent_covered": 0.0, "percent_covered_display": "0", "missing_lines": 81, "excluded_lines": 0}, "missing_lines": [26, 27, 28, 29, 32, 41, 46, 51, 55, 61, 63, 65, 68, 70, 72, 76, 78, 80, 84, 89, 91, 93, 95, 100, 104, 109, 117, 122, 126, 130, 135, 139, 144, 146, 151, 156, 157, 158, 160, 161, 162, 163, 165, 166, 167, 169, 170, 171, 172, 173, 175, 176, 177, 179, 180, 181, 183, 184, 185, 187, 188, 189, 192, 193, 195, 200, 201, 203, 204, 205, 207, 208, 210, 212, 213, 215, 217, 219, 229, 232, 241], "excluded_lines": [], "functions": {"Settings.validate_environment": {"executed_lines": [], "summary": {"covered_lines": 0, "num_statements": 4, "percent_covered": 0.0, "percent_covered_display": "0", "missing_lines": 4, "excluded_lines": 0}, "missing_lines": [160, 161, 162, 163], "excluded_lines": []}, "Settings.validate_log_level": {"executed_lines": [], "summary": {"covered_lines": 0, "num_statements": 5, "percent_covered": 0.0, "percent_covered_display": "0", "missing_lines": 5, "excluded_lines": 0}, "missing_lines": [169, 170, 171, 172, 173], "excluded_lines": []}, "Settings.validate_circuit_breaker": {"executed_lines": [], "summary": {"covered_lines": 0, "num_statements": 3, "percent_covered": 0.0, "percent_covered_display": "0", "missing_lines": 3, "excluded_lines": 0}, "missing_lines": [179, 180, 181], "excluded_lines": []}, "Settings.validate_capital": {"executed_lines": [], "summary": {"covered_lines": 0, "num_statements": 3, "percent_covered": 0.0, "percent_covered_display": "0", "missing_lines": 3, "excluded_lines": 0}, "missing_lines": [187, 188, 189], "excluded_lines": []}, "Settings.database_url": {"executed_lines": [], "summary": {"covered_lines": 0, "num_statements": 1, "percent_covered": 0.0, "percent_covered_display": "0", "missing_lines": 1, "excluded_lines": 0}, "missing_lines": [195], "excluded_lines": []}, "Settings.redis_url": {"executed_lines": [], "summary": {"covered_lines": 0, "num_statements": 3, "percent_covered": 0.0, "percent_covered_display": "0", "missing_lines": 3, "excluded_lines": 0}, "missing_lines": [203, 204, 205], "excluded_lines": []}, "Settings.is_production": {"executed_lines": [], "summary": {"covered_lines": 0, "num_statements": 1, "percent_covered": 0.0, "percent_covered_display": "0", "missing_lines": 1, "excluded_lines": 0}, "missing_lines": [210], "excluded_lines": []}, "Settings.is_development": {"executed_lines": [], "summary": {"covered_lines": 0, "num_statements": 1, "percent_covered": 0.0, "percent_covered_display": "0", "missing_lines": 1, "excluded_lines": 0}, "missing_lines": [215], "excluded_lines": []}, "Settings.get_cors_config": {"executed_lines": [], "summary": {"covered_lines": 0, "num_statements": 1, "percent_covered": 0.0, "percent_covered_display": "0", "missing_lines": 1, "excluded_lines": 0}, "missing_lines": [219], "excluded_lines": []}, "get_settings": {"executed_lines": [], "summary": {"covered_lines": 0, "num_statements": 1, "percent_covered": 0.0, "percent_covered_display": "0", "missing_lines": 1, "excluded_lines": 0}, "missing_lines": [241], "excluded_lines": []}, "": {"executed_lines": [], "summary": {"covered_lines": 0, "num_statements": 58, "percent_covered": 0.0, "percent_covered_display": "0", "missing_lines": 58, "excluded_lines": 0}, "missing_lines": [26, 27, 28, 29, 32, 41, 46, 51, 55, 61, 63, 65, 68, 70, 72, 76, 78, 80, 84, 89, 91, 93, 95, 100, 104, 109, 117, 122, 126, 130, 135, 139, 144, 146, 151, 156, 157, 158, 165, 166, 167, 175, 176, 177, 183, 184, 185, 192, 193, 200, 201, 207, 208, 212, 213, 217, 229, 232], "excluded_lines": []}}, "classes": {"Settings": {"executed_lines": [], "summary": {"covered_lines": 0, "num_statements": 22, "percent_covered": 0.0, "percent_covered_display": "0", "missing_lines": 22, "excluded_lines": 0}, "missing_lines": [160, 161, 162, 163, 169, 170, 171, 172, 173, 179, 180, 181, 187, 188, 189, 195, 203, 204, 205, 210, 215, 219], "excluded_lines": []}, "": {"executed_lines": [], "summary": {"covered_lines": 0, "num_statements": 59, "percent_covered": 0.0, "percent_covered_display": "0", "missing_lines": 59, "excluded_lines": 0}, "missing_lines": [26, 27, 28, 29, 32, 41, 46, 51, 55, 61, 63, 65, 68, 70, 72, 76, 78, 80, 84, 89, 91, 93, 95, 100, 104, 109, 117, 122, 126, 130, 135, 139, 144, 146, 151, 156, 157, 158, 165, 166, 167, 175, 176, 177, 183, 184, 185, 192, 193, 200, 201, 207, 208, 212, 213, 217, 229, 232, 241], "excluded_lines": []}}}, "workspace/api/main.py": {"executed_lines": [], "summary": {"covered_lines": 0, "num_statements": 63, "percent_covered": 0.0, "percent_covered_display": "0", "missing_lines": 63, "excluded_lines": 0}, "missing_lines": [36, 37, 38, 39, 41, 43, 44, 49, 53, 66, 69, 76, 77, 80, 81, 83, 84, 88, 89, 93, 94, 105, 106, 107, 109, 112, 113, 114, 115, 118, 119, 120, 148, 149, 150, 152, 155, 156, 157, 159, 176, 177, 178, 182, 197, 221, 222, 225, 226, 229, 231, 232, 235, 241, 248, 266, 268, 272, 276, 277, 283, 285, 287], "excluded_lines": [], "functions": {"setup_logging": {"executed_lines": [], "summary": {"covered_lines": 0, "num_statements": 8, "percent_covered": 0.0, "percent_covered_display": "0", "missing_lines": 8, "excluded_lines": 0}, "missing_lines": [66, 69, 76, 77, 80, 81, 83, 84], "excluded_lines": []}, "lifespan": {"executed_lines": [], "summary": {"covered_lines": 0, "num_statements": 22, "percent_covered": 0.0, "percent_covered_display": "0", "missing_lines": 22, "excluded_lines": 0}, "missing_lines": [105, 106, 107, 109, 112, 113, 114, 115, 118, 119, 120, 148, 149, 150, 152, 155, 156, 157, 159, 176, 177, 178], "excluded_lines": []}, "create_application": {"executed_lines": [], "summary": {"covered_lines": 0, "num_statements": 12, "percent_covered": 0.0, "percent_covered_display": "0", "missing_lines": 12, "excluded_lines": 0}, "missing_lines": [197, 221, 222, 225, 226, 229, 231, 232, 235, 241, 266, 268], "excluded_lines": []}, "create_application.root": {"executed_lines": [], "summary": {"covered_lines": 0, "num_statements": 1, "percent_covered": 0.0, "percent_covered_display": "0", "missing_lines": 1, "excluded_lines": 0}, "missing_lines": [248], "excluded_lines": []}, "": {"executed_lines": [], "summary": {"covered_lines": 0, "num_statements": 20, "percent_covered": 0.0, "percent_covered_display": "0", "missing_lines": 20, "excluded_lines": 0}, "missing_lines": [36, 37, 38, 39, 41, 43, 44, 49, 53, 88, 89, 93, 94, 182, 272, 276, 277, 283, 285, 287], "excluded_lines": []}}, "classes": {"": {"executed_lines": [], "summary": {"covered_lines": 0, "num_statements": 63, "percent_covered": 0.0, "percent_covered_display": "0", "missing_lines": 63, "excluded_lines": 0}, "missing_lines": [36, 37, 38, 39, 41, 43, 44, 49, 53, 66, 69, 76, 77, 80, 81, 83, 84, 88, 89, 93, 94, 105, 106, 107, 109, 112, 113, 114, 115, 118, 119, 120, 148, 149, 150, 152, 155, 156, 157, 159, 176, 177, 178, 182, 197, 221, 222, 225, 226, 229, 231, 232, 235, 241, 248, 266, 268, 272, 276, 277, 283, 285, 287], "excluded_lines": []}}}, "workspace/api/middleware.py": {"executed_lines": [], "summary": {"covered_lines": 0, "num_statements": 89, "percent_covered": 0.0, "percent_covered_display": "0", "missing_lines": 89, "excluded_lines": 0}, "missing_lines": [14, 15, 16, 17, 18, 19, 21, 22, 23, 24, 26, 30, 34, 45, 47, 48, 51, 52, 54, 58, 71, 73, 74, 77, 80, 83, 95, 97, 98, 99, 102, 113, 115, 116, 119, 131, 135, 147, 149, 150, 152, 154, 157, 168, 178, 179, 181, 185, 197, 198, 200, 201, 202, 204, 207, 208, 211, 212, 214, 217, 220, 221, 224, 225, 228, 229, 231, 241, 253, 256, 259, 260, 263, 267, 271, 286, 289, 292, 293, 296, 299, 301, 305, 313, 315, 324, 334, 336, 338], "excluded_lines": [], "functions": {"RequestContextMiddleware.dispatch": {"executed_lines": [], "summary": {"covered_lines": 0, "num_statements": 5, "percent_covered": 0.0, "percent_covered_display": "0", "missing_lines": 5, "excluded_lines": 0}, "missing_lines": [47, 48, 51, 52, 54], "excluded_lines": []}, "RequestLoggingMiddleware.dispatch": {"executed_lines": [], "summary": {"covered_lines": 0, "num_statements": 15, "percent_covered": 0.0, "percent_covered_display": "0", "missing_lines": 15, "excluded_lines": 0}, "missing_lines": [73, 74, 77, 80, 83, 95, 97, 98, 99, 102, 113, 115, 116, 119, 131], "excluded_lines": []}, "ErrorHandlingMiddleware.dispatch": {"executed_lines": [], "summary": {"covered_lines": 0, "num_statements": 9, "percent_covered": 0.0, "percent_covered_display": "0", "missing_lines": 9, "excluded_lines": 0}, "missing_lines": [149, 150, 152, 154, 157, 168, 178, 179, 181], "excluded_lines": []}, "RateLimitMiddleware.__init__": {"executed_lines": [], "summary": {"covered_lines": 0, "num_statements": 4, "percent_covered": 0.0, "percent_covered_display": "0", "missing_lines": 4, "excluded_lines": 0}, "missing_lines": [198, 200, 201, 202], "excluded_lines": []}, "RateLimitMiddleware.dispatch": {"executed_lines": [], "summary": {"covered_lines": 0, "num_statements": 20, "percent_covered": 0.0, "percent_covered_display": "0", "missing_lines": 20, "excluded_lines": 0}, "missing_lines": [207, 208, 211, 212, 214, 217, 220, 221, 224, 225, 228, 229, 231, 241, 253, 256, 259, 260, 263, 267], "excluded_lines": []}, "setup_middleware": {"executed_lines": [], "summary": {"covered_lines": 0, "num_statements": 7, "percent_covered": 0.0, "percent_covered_display": "0", "missing_lines": 7, "excluded_lines": 0}, "missing_lines": [286, 289, 292, 293, 296, 299, 301], "excluded_lines": []}, "validation_exception_handler": {"executed_lines": [], "summary": {"covered_lines": 0, "num_statements": 3, "percent_covered": 0.0, "percent_covered_display": "0", "missing_lines": 3, "excluded_lines": 0}, "missing_lines": [313, 315, 324], "excluded_lines": []}, "not_found_handler": {"executed_lines": [], "summary": {"covered_lines": 0, "num_statements": 2, "percent_covered": 0.0, "percent_covered_display": "0", "missing_lines": 2, "excluded_lines": 0}, "missing_lines": [336, 338], "excluded_lines": []}, "": {"executed_lines": [], "summary": {"covered_lines": 0, "num_statements": 24, "percent_covered": 0.0, "percent_covered_display": "0", "missing_lines": 24, "excluded_lines": 0}, "missing_lines": [14, 15, 16, 17, 18, 19, 21, 22, 23, 24, 26, 30, 34, 45, 58, 71, 135, 147, 185, 197, 204, 271, 305, 334], "excluded_lines": []}}, "classes": {"RequestContextMiddleware": {"executed_lines": [], "summary": {"covered_lines": 0, "num_statements": 5, "percent_covered": 0.0, "percent_covered_display": "0", "missing_lines": 5, "excluded_lines": 0}, "missing_lines": [47, 48, 51, 52, 54], "excluded_lines": []}, "RequestLoggingMiddleware": {"executed_lines": [], "summary": {"covered_lines": 0, "num_statements": 15, "percent_covered": 0.0, "percent_covered_display": "0", "missing_lines": 15, "excluded_lines": 0}, "missing_lines": [73, 74, 77, 80, 83, 95, 97, 98, 99, 102, 113, 115, 116, 119, 131], "excluded_lines": []}, "ErrorHandlingMiddleware": {"executed_lines": [], "summary": {"covered_lines": 0, "num_statements": 9, "percent_covered": 0.0, "percent_covered_display": "0", "missing_lines": 9, "excluded_lines": 0}, "missing_lines": [149, 150, 152, 154, 157, 168, 178, 179, 181], "excluded_lines": []}, "RateLimitMiddleware": {"executed_lines": [], "summary": {"covered_lines": 0, "num_statements": 24, "percent_covered": 0.0, "percent_covered_display": "0", "missing_lines": 24, "excluded_lines": 0}, "missing_lines": [198, 200, 201, 202, 207, 208, 211, 212, 214, 217, 220, 221, 224, 225, 228, 229, 231, 241, 253, 256, 259, 260, 263, 267], "excluded_lines": []}, "": {"executed_lines": [], "summary": {"covered_lines": 0, "num_statements": 36, "percent_covered": 0.0, "percent_covered_display": "0", "missing_lines": 36, "excluded_lines": 0}, "missing_lines": [14, 15, 16, 17, 18, 19, 21, 22, 23, 24, 26, 30, 34, 45, 58, 71, 135, 147, 185, 197, 204, 271, 286, 289, 292, 293, 296, 299, 301, 305, 313, 315, 324, 334, 336, 338], "excluded_lines": []}}}, "workspace/api/routers/__init__.py": {"executed_lines": [], "summary": {"covered_lines": 0, "num_statements": 7, "percent_covered": 0.0, "percent_covered_display": "0", "missing_lines": 7, "excluded_lines": 0}, "missing_lines": [14, 16, 20, 31, 48, 51, 55], "excluded_lines": [], "functions": {"register_routers": {"executed_lines": [], "summary": {"covered_lines": 0, "num_statements": 2, "percent_covered": 0.0, "percent_covered_display": "0", "missing_lines": 2, "excluded_lines": 0}, "missing_lines": [48, 51], "excluded_lines": []}, "": {"executed_lines": [], "summary": {"covered_lines": 0, "num_statements": 5, "percent_covered": 0.0, "percent_covered_display": "0", "missing_lines": 5, "excluded_lines": 0}, "missing_lines": [14, 16, 20, 31, 55], "excluded_lines": []}}, "classes": {"": {"executed_lines": [], "summary": {"covered_lines": 0, "num_statements": 7, "percent_covered": 0.0, "percent_covered_display": "0", "missing_lines": 7, "excluded_lines": 0}, "missing_lines": [14, 16, 20, 31, 48, 51, 55], "excluded_lines": []}}}, "workspace/api/routers/health.py": {"executed_lines": [], "summary": {"covered_lines": 0, "num_statements": 91, "percent_covered": 0.0, "percent_covered_display": "0", "missing_lines": 91, "excluded_lines": 0}, "missing_lines": [17, 18, 19, 20, 21, 23, 24, 26, 30, 33, 36, 40, 43, 44, 45, 48, 51, 52, 53, 54, 57, 60, 61, 62, 63, 66, 69, 70, 71, 72, 73, 74, 78, 85, 96, 98, 105, 112, 132, 133, 136, 137, 138, 139, 142, 143, 144, 145, 148, 149, 150, 152, 153, 155, 163, 169, 184, 187, 194, 213, 215, 225, 226, 228, 229, 230, 232, 233, 235, 246, 258, 260, 270, 272, 274, 278, 285, 286, 288, 290, 298, 310, 312, 321, 323, 325, 329, 336, 337, 339, 341], "excluded_lines": [], "functions": {"health_check": {"executed_lines": [], "summary": {"covered_lines": 0, "num_statements": 2, "percent_covered": 0.0, "percent_covered_display": "0", "missing_lines": 2, "excluded_lines": 0}, "missing_lines": [96, 98], "excluded_lines": []}, "readiness_check": {"executed_lines": [], "summary": {"covered_lines": 0, "num_statements": 16, "percent_covered": 0.0, "percent_covered_display": "0", "missing_lines": 16, "excluded_lines": 0}, "missing_lines": [132, 133, 136, 137, 138, 139, 142, 143, 144, 145, 148, 149, 150, 152, 153, 155], "excluded_lines": []}, "liveness_check": {"executed_lines": [], "summary": {"covered_lines": 0, "num_statements": 1, "percent_covered": 0.0, "percent_covered_display": "0", "missing_lines": 1, "excluded_lines": 0}, "missing_lines": [184], "excluded_lines": []}, "metrics": {"executed_lines": [], "summary": {"covered_lines": 0, "num_statements": 10, "percent_covered": 0.0, "percent_covered_display": "0", "missing_lines": 10, "excluded_lines": 0}, "missing_lines": [213, 215, 225, 226, 228, 229, 230, 232, 233, 235], "excluded_lines": []}, "_check_database": {"executed_lines": [], "summary": {"covered_lines": 0, "num_statements": 10, "percent_covered": 0.0, "percent_covered_display": "0", "missing_lines": 10, "excluded_lines": 0}, "missing_lines": [258, 260, 270, 272, 274, 278, 285, 286, 288, 290], "excluded_lines": []}, "_check_redis": {"executed_lines": [], "summary": {"covered_lines": 0, "num_statements": 10, "percent_covered": 0.0, "percent_covered_display": "0", "missing_lines": 10, "excluded_lines": 0}, "missing_lines": [310, 312, 321, 323, 325, 329, 336, 337, 339, 341], "excluded_lines": []}, "": {"executed_lines": [], "summary": {"covered_lines": 0, "num_statements": 42, "percent_covered": 0.0, "percent_covered_display": "0", "missing_lines": 42, "excluded_lines": 0}, "missing_lines": [17, 18, 19, 20, 21, 23, 24, 26, 30, 33, 36, 40, 43, 44, 45, 48, 51, 52, 53, 54, 57, 60, 61, 62, 63, 66, 69, 70, 71, 72, 73, 74, 78, 85, 105, 112, 163, 169, 187, 194, 246, 298], "excluded_lines": []}}, "classes": {"HealthResponse": {"executed_lines": [], "summary": {"covered_lines": 0, "num_statements": 0, "percent_covered": 100.0, "percent_covered_display": "100", "missing_lines": 0, "excluded_lines": 0}, "missing_lines": [], "excluded_lines": []}, "ReadinessCheck": {"executed_lines": [], "summary": {"covered_lines": 0, "num_statements": 0, "percent_covered": 100.0, "percent_covered_display": "100", "missing_lines": 0, "excluded_lines": 0}, "missing_lines": [], "excluded_lines": []}, "ReadinessResponse": {"executed_lines": [], "summary": {"covered_lines": 0, "num_statements": 0, "percent_covered": 100.0, "percent_covered_display": "100", "missing_lines": 0, "excluded_lines": 0}, "missing_lines": [], "excluded_lines": []}, "MetricsResponse": {"executed_lines": [], "summary": {"covered_lines": 0, "num_statements": 0, "percent_covered": 100.0, "percent_covered_display": "100", "missing_lines": 0, "excluded_lines": 0}, "missing_lines": [], "excluded_lines": []}, "": {"executed_lines": [], "summary": {"covered_lines": 0, "num_statements": 91, "percent_covered": 0.0, "percent_covered_display": "0", "missing_lines": 91, "excluded_lines": 0}, "missing_lines": [17, 18, 19, 20, 21, 23, 24, 26, 30, 33, 36, 40, 43, 44, 45, 48, 51, 52, 53, 54, 57, 60, 61, 62, 63, 66, 69, 70, 71, 72, 73, 74, 78, 85, 96, 98, 105, 112, 132, 133, 136, 137, 138, 139, 142, 143, 144, 145, 148, 149, 150, 152, 153, 155, 163, 169, 184, 187, 194, 213, 215, 225, 226, 228, 229, 230, 232, 233, 235, 246, 258, 260, 270, 272, 274, 278, 285, 286, 288, 290, 298, 310, 312, 321, 323, 325, 329, 336, 337, 339, 341], "excluded_lines": []}}}, "workspace/api/tests/__init__.py": {"executed_lines": [], "summary": {"covered_lines": 0, "num_statements": 0, "percent_covered": 100.0, "percent_covered_display": "100", "missing_lines": 0, "excluded_lines": 0}, "missing_lines": [], "excluded_lines": [], "functions": {"": {"executed_lines": [], "summary": {"covered_lines": 0, "num_statements": 0, "percent_covered": 100.0, "percent_covered_display": "100", "missing_lines": 0, "excluded_lines": 0}, "missing_lines": [], "excluded_lines": []}}, "classes": {"": {"executed_lines": [], "summary": {"covered_lines": 0, "num_statements": 0, "percent_covered": 100.0, "percent_covered_display": "100", "missing_lines": 0, "excluded_lines": 0}, "missing_lines": [], "excluded_lines": []}}}, "workspace/api/tests/test_api.py": {"executed_lines": [], "summary": {"covered_lines": 0, "num_statements": 203, "percent_covered": 0.0, "percent_covered_display": "0", "missing_lines": 203, "excluded_lines": 0}, "missing_lines": [14, 15, 16, 18, 22, 23, 26, 28, 29, 32, 33, 35, 49, 52, 54, 56, 58, 59, 60, 61, 62, 63, 65, 67, 68, 69, 71, 73, 74, 75, 78, 80, 82, 85, 87, 88, 89, 90, 91, 92, 93, 94, 97, 98, 99, 100, 102, 104, 106, 108, 109, 110, 111, 112, 113, 114, 117, 118, 119, 120, 121, 124, 125, 126, 130, 133, 135, 137, 138, 141, 142, 144, 146, 155, 156, 158, 160, 163, 164, 165, 168, 169, 170, 172, 173, 174, 176, 178, 181, 182, 183, 184, 187, 188, 191, 194, 195, 196, 197, 201, 204, 206, 208, 210, 211, 212, 213, 214, 215, 216, 219, 220, 221, 222, 223, 227, 230, 232, 234, 236, 237, 238, 239, 241, 245, 248, 249, 250, 254, 257, 259, 261, 262, 263, 264, 266, 269, 270, 271, 274, 275, 277, 280, 281, 284, 285, 287, 290, 291, 294, 295, 297, 299, 307, 308, 310, 313, 316, 319, 322, 324, 326, 330, 332, 333, 334, 335, 337, 338, 342, 345, 348, 351, 354, 357, 360, 361, 363, 365, 367, 368, 371, 372, 373, 376, 379, 380, 384, 387, 389, 390, 391, 393, 394, 396, 398, 399, 400, 402, 403, 406, 407, 408], "excluded_lines": [], "functions": {"client": {"executed_lines": [], "summary": {"covered_lines": 0, "num_statements": 3, "percent_covered": 0.0, "percent_covered_display": "0", "missing_lines": 3, "excluded_lines": 0}, "missing_lines": [26, 28, 29], "excluded_lines": []}, "mock_settings": {"executed_lines": [], "summary": {"covered_lines": 0, "num_statements": 1, "percent_covered": 0.0, "percent_covered_display": "0", "missing_lines": 1, "excluded_lines": 0}, "missing_lines": [35], "excluded_lines": []}, "TestHealthEndpoints.test_basic_health_check": {"executed_lines": [], "summary": {"covered_lines": 0, "num_statements": 8, "percent_covered": 0.0, "percent_covered_display": "0", "missing_lines": 8, "excluded_lines": 0}, "missing_lines": [54, 56, 58, 59, 60, 61, 62, 63], "excluded_lines": []}, "TestHealthEndpoints.test_liveness_check": {"executed_lines": [], "summary": {"covered_lines": 0, "num_statements": 8, "percent_covered": 0.0, "percent_covered_display": "0", "missing_lines": 8, "excluded_lines": 0}, "missing_lines": [67, 68, 69, 71, 73, 74, 75, 78], "excluded_lines": []}, "TestHealthEndpoints.test_readiness_check_structure": {"executed_lines": [], "summary": {"covered_lines": 0, "num_statements": 14, "percent_covered": 0.0, "percent_covered_display": "0", "missing_lines": 14, "excluded_lines": 0}, "missing_lines": [82, 85, 87, 88, 89, 90, 91, 92, 93, 94, 97, 98, 99, 100], "excluded_lines": []}, "TestHealthEndpoints.test_metrics_endpoint": {"executed_lines": [], "summary": {"covered_lines": 0, "num_statements": 17, "percent_covered": 0.0, "percent_covered_display": "0", "missing_lines": 17, "excluded_lines": 0}, "missing_lines": [104, 106, 108, 109, 110, 111, 112, 113, 114, 117, 118, 119, 120, 121, 124, 125, 126], "excluded_lines": []}, "TestMiddleware.test_request_id_header": {"executed_lines": [], "summary": {"covered_lines": 0, "num_statements": 5, "percent_covered": 0.0, "percent_covered_display": "0", "missing_lines": 5, "excluded_lines": 0}, "missing_lines": [135, 137, 138, 141, 142], "excluded_lines": []}, "TestMiddleware.test_cors_headers": {"executed_lines": [], "summary": {"covered_lines": 0, "num_statements": 3, "percent_covered": 0.0, "percent_covered_display": "0", "missing_lines": 3, "excluded_lines": 0}, "missing_lines": [146, 155, 156], "excluded_lines": []}, "TestMiddleware.test_rate_limit_headers": {"executed_lines": [], "summary": {"covered_lines": 0, "num_statements": 11, "percent_covered": 0.0, "percent_covered_display": "0", "missing_lines": 11, "excluded_lines": 0}, "missing_lines": [160, 163, 164, 165, 168, 169, 170, 172, 173, 174, 176], "excluded_lines": []}, "TestMiddleware.test_rate_limiting_enforcement": {"executed_lines": [], "summary": {"covered_lines": 0, "num_statements": 11, "percent_covered": 0.0, "percent_covered_display": "0", "missing_lines": 11, "excluded_lines": 0}, "missing_lines": [181, 182, 183, 184, 187, 188, 191, 194, 195, 196, 197], "excluded_lines": []}, "TestRootEndpoint.test_root_endpoint": {"executed_lines": [], "summary": {"covered_lines": 0, "num_statements": 14, "percent_covered": 0.0, "percent_covered_display": "0", "missing_lines": 14, "excluded_lines": 0}, "missing_lines": [206, 208, 210, 211, 212, 213, 214, 215, 216, 219, 220, 221, 222, 223], "excluded_lines": []}, "TestErrorHandling.test_404_not_found": {"executed_lines": [], "summary": {"covered_lines": 0, "num_statements": 6, "percent_covered": 0.0, "percent_covered_display": "0", "missing_lines": 6, "excluded_lines": 0}, "missing_lines": [232, 234, 236, 237, 238, 239], "excluded_lines": []}, "TestErrorHandling.test_validation_error_structure": {"executed_lines": [], "summary": {"covered_lines": 0, "num_statements": 4, "percent_covered": 0.0, "percent_covered_display": "0", "missing_lines": 4, "excluded_lines": 0}, "missing_lines": [245, 248, 249, 250], "excluded_lines": []}, "TestConfiguration.test_settings_load_defaults": {"executed_lines": [], "summary": {"covered_lines": 0, "num_statements": 5, "percent_covered": 0.0, "percent_covered_display": "0", "missing_lines": 5, "excluded_lines": 0}, "missing_lines": [259, 261, 262, 263, 264], "excluded_lines": []}, "TestConfiguration.test_settings_validation_environment": {"executed_lines": [], "summary": {"covered_lines": 0, "num_statements": 5, "percent_covered": 0.0, "percent_covered_display": "0", "missing_lines": 5, "excluded_lines": 0}, "missing_lines": [269, 270, 271, 274, 275], "excluded_lines": []}, "TestConfiguration.test_settings_validation_capital": {"executed_lines": [], "summary": {"covered_lines": 0, "num_statements": 4, "percent_covered": 0.0, "percent_covered_display": "0", "missing_lines": 4, "excluded_lines": 0}, "missing_lines": [280, 281, 284, 285], "excluded_lines": []}, "TestConfiguration.test_settings_validation_circuit_breaker": {"executed_lines": [], "summary": {"covered_lines": 0, "num_statements": 4, "percent_covered": 0.0, "percent_covered_display": "0", "missing_lines": 4, "excluded_lines": 0}, "missing_lines": [290, 291, 294, 295], "excluded_lines": []}, "TestConfiguration.test_database_url_generation": {"executed_lines": [], "summary": {"covered_lines": 0, "num_statements": 3, "percent_covered": 0.0, "percent_covered_display": "0", "missing_lines": 3, "excluded_lines": 0}, "missing_lines": [299, 307, 308], "excluded_lines": []}, "TestConfiguration.test_redis_url_generation": {"executed_lines": [], "summary": {"covered_lines": 0, "num_statements": 4, "percent_covered": 0.0, "percent_covered_display": "0", "missing_lines": 4, "excluded_lines": 0}, "missing_lines": [313, 316, 319, 322], "excluded_lines": []}, "TestConfiguration.test_cors_config_generation": {"executed_lines": [], "summary": {"covered_lines": 0, "num_statements": 8, "percent_covered": 0.0, "percent_covered_display": "0", "missing_lines": 8, "excluded_lines": 0}, "missing_lines": [326, 330, 332, 333, 334, 335, 337, 338], "excluded_lines": []}, "TestIntegration.test_full_request_flow": {"executed_lines": [], "summary": {"covered_lines": 0, "num_statements": 6, "percent_covered": 0.0, "percent_covered_display": "0", "missing_lines": 6, "excluded_lines": 0}, "missing_lines": [348, 351, 354, 357, 360, 361], "excluded_lines": []}, "TestIntegration.test_concurrent_requests": {"executed_lines": [], "summary": {"covered_lines": 0, "num_statements": 8, "percent_covered": 0.0, "percent_covered_display": "0", "missing_lines": 8, "excluded_lines": 0}, "missing_lines": [365, 367, 371, 372, 373, 376, 379, 380], "excluded_lines": []}, "TestIntegration.test_concurrent_requests.make_request": {"executed_lines": [], "summary": {"covered_lines": 0, "num_statements": 1, "percent_covered": 0.0, "percent_covered_display": "0", "missing_lines": 1, "excluded_lines": 0}, "missing_lines": [368], "excluded_lines": []}, "TestPerformance.test_health_check_performance": {"executed_lines": [], "summary": {"covered_lines": 0, "num_statements": 5, "percent_covered": 0.0, "percent_covered_display": "0", "missing_lines": 5, "excluded_lines": 0}, "missing_lines": [389, 390, 391, 393, 394], "excluded_lines": []}, "TestPerformance.test_liveness_check_performance": {"executed_lines": [], "summary": {"covered_lines": 0, "num_statements": 5, "percent_covered": 0.0, "percent_covered_display": "0", "missing_lines": 5, "excluded_lines": 0}, "missing_lines": [398, 399, 400, 402, 403], "excluded_lines": []}, "": {"executed_lines": [], "summary": {"covered_lines": 0, "num_statements": 40, "percent_covered": 0.0, "percent_covered_display": "0", "missing_lines": 40, "excluded_lines": 0}, "missing_lines": [14, 15, 16, 18, 22, 23, 32, 33, 49, 52, 65, 80, 102, 130, 133, 144, 158, 178, 201, 204, 227, 230, 241, 254, 257, 266, 277, 287, 297, 310, 324, 342, 345, 363, 384, 387, 396, 406, 407, 408], "excluded_lines": []}}, "classes": {"TestHealthEndpoints": {"executed_lines": [], "summary": {"covered_lines": 0, "num_statements": 47, "percent_covered": 0.0, "percent_covered_display": "0", "missing_lines": 47, "excluded_lines": 0}, "missing_lines": [54, 56, 58, 59, 60, 61, 62, 63, 67, 68, 69, 71, 73, 74, 75, 78, 82, 85, 87, 88, 89, 90, 91, 92, 93, 94, 97, 98, 99, 100, 104, 106, 108, 109, 110, 111, 112, 113, 114, 117, 118, 119, 120, 121, 124, 125, 126], "excluded_lines": []}, "TestMiddleware": {"executed_lines": [], "summary": {"covered_lines": 0, "num_statements": 30, "percent_covered": 0.0, "percent_covered_display": "0", "missing_lines": 30, "excluded_lines": 0}, "missing_lines": [135, 137, 138, 141, 142, 146, 155, 156, 160, 163, 164, 165, 168, 169, 170, 172, 173, 174, 176, 181, 182, 183, 184, 187, 188, 191, 194, 195, 196, 197], "excluded_lines": []}, "TestRootEndpoint": {"executed_lines": [], "summary": {"covered_lines": 0, "num_statements": 14, "percent_covered": 0.0, "percent_covered_display": "0", "missing_lines": 14, "excluded_lines": 0}, "missing_lines": [206, 208, 210, 211, 212, 213, 214, 215, 216, 219, 220, 221, 222, 223], "excluded_lines": []}, "TestErrorHandling": {"executed_lines": [], "summary": {"covered_lines": 0, "num_statements": 10, "percent_covered": 0.0, "percent_covered_display": "0", "missing_lines": 10, "excluded_lines": 0}, "missing_lines": [232, 234, 236, 237, 238, 239, 245, 248, 249, 250], "excluded_lines": []}, "TestConfiguration": {"executed_lines": [], "summary": {"covered_lines": 0, "num_statements": 33, "percent_covered": 0.0, "percent_covered_display": "0", "missing_lines": 33, "excluded_lines": 0}, "missing_lines": [259, 261, 262, 263, 264, 269, 270, 271, 274, 275, 280, 281, 284, 285, 290, 291, 294, 295, 299, 307, 308, 313, 316, 319, 322, 326, 330, 332, 333, 334, 335, 337, 338], "excluded_lines": []}, "TestIntegration": {"executed_lines": [], "summary": {"covered_lines": 0, "num_statements": 15, "percent_covered": 0.0, "percent_covered_display": "0", "missing_lines": 15, "excluded_lines": 0}, "missing_lines": [348, 351, 354, 357, 360, 361, 365, 367, 368, 371, 372, 373, 376, 379, 380], "excluded_lines": []}, "TestPerformance": {"executed_lines": [], "summary": {"covered_lines": 0, "num_statements": 10, "percent_covered": 0.0, "percent_covered_display": "0", "missing_lines": 10, "excluded_lines": 0}, "missing_lines": [389, 390, 391, 393, 394, 398, 399, 400, 402, 403], "excluded_lines": []}, "": {"executed_lines": [], "summary": {"covered_lines": 0, "num_statements": 44, "percent_covered": 0.0, "percent_covered_display": "0", "missing_lines": 44, "excluded_lines": 0}, "missing_lines": [14, 15, 16, 18, 22, 23, 26, 28, 29, 32, 33, 35, 49, 52, 65, 80, 102, 130, 133, 144, 158, 178, 201, 204, 227, 230, 241, 254, 257, 266, 277, 287, 297, 310, 324, 342, 345, 363, 384, 387, 396, 406, 407, 408], "excluded_lines": []}}}, "workspace/features/alerting/__init__.py": {"executed_lines": [1, 18, 25, 31, 37], "summary": {"covered_lines": 4, "num_statements": 4, "percent_covered": 100.0, "percent_covered_display": "100", "missing_lines": 0, "excluded_lines": 0}, "missing_lines": [], "excluded_lines": [], "functions": {"": {"executed_lines": [1, 18, 25, 31, 37], "summary": {"covered_lines": 4, "num_statements": 4, "percent_covered": 100.0, "percent_covered_display": "100", "missing_lines": 0, "excluded_lines": 0}, "missing_lines": [], "excluded_lines": []}}, "classes": {"": {"executed_lines": [1, 18, 25, 31, 37], "summary": {"covered_lines": 4, "num_statements": 4, "percent_covered": 100.0, "percent_covered_display": "100", "missing_lines": 0, "excluded_lines": 0}, "missing_lines": [], "excluded_lines": []}}}, "workspace/features/alerting/alert_service.py": {"executed_lines": [1, 18, 19, 20, 22, 29, 32, 33, 35, 36, 37, 39, 51, 55, 60, 61, 67, 68, 73, 75, 83, 84, 86, 96, 97, 99, 100, 101, 102, 103, 105, 107, 115, 116, 119, 120, 126, 133, 134, 136, 147, 150, 151, 152, 154, 155, 158, 161, 164, 165, 169, 171, 173, 174, 177, 178, 184, 191, 192, 193, 194, 196, 198, 206, 208, 222, 223, 224, 227, 229, 234, 235, 236, 237, 241, 243, 247, 250, 255, 257, 258, 261, 264, 270, 272, 274, 276, 279, 282, 284, 285, 286, 307, 321], "summary": {"covered_lines": 89, "num_statements": 99, "percent_covered": 89.8989898989899, "percent_covered_display": "90", "missing_lines": 10, "excluded_lines": 0}, "missing_lines": [49, 53, 57, 230, 231, 280, 293, 296, 300, 317], "excluded_lines": [], "functions": {"AlertChannel.__init__": {"executed_lines": [36, 37], "summary": {"covered_lines": 2, "num_statements": 2, "percent_covered": 100.0, "percent_covered_display": "100", "missing_lines": 0, "excluded_lines": 0}, "missing_lines": [], "excluded_lines": []}, "AlertChannel.send": {"executed_lines": [], "summary": {"covered_lines": 0, "num_statements": 1, "percent_covered": 0.0, "percent_covered_display": "0", "missing_lines": 1, "excluded_lines": 0}, "missing_lines": [49], "excluded_lines": []}, "AlertChannel.disable": {"executed_lines": [], "summary": {"covered_lines": 0, "num_statements": 1, "percent_covered": 0.0, "percent_covered_display": "0", "missing_lines": 1, "excluded_lines": 0}, "missing_lines": [53], "excluded_lines": []}, "AlertChannel.enable": {"executed_lines": [], "summary": {"covered_lines": 0, "num_statements": 1, "percent_covered": 0.0, "percent_covered_display": "0", "missing_lines": 1, "excluded_lines": 0}, "missing_lines": [57], "excluded_lines": []}, "AlertRoutingRules.__init__": {"executed_lines": [68, 73], "summary": {"covered_lines": 2, "num_statements": 2, "percent_covered": 100.0, "percent_covered_display": "100", "missing_lines": 0, "excluded_lines": 0}, "missing_lines": [], "excluded_lines": []}, "AlertRoutingRules.register_channel": {"executed_lines": [83, 84], "summary": {"covered_lines": 2, "num_statements": 2, "percent_covered": 100.0, "percent_covered_display": "100", "missing_lines": 0, "excluded_lines": 0}, "missing_lines": [], "excluded_lines": []}, "AlertRoutingRules.get_channels": {"executed_lines": [96, 97, 99, 100, 101, 102, 103, 105], "summary": {"covered_lines": 8, "num_statements": 8, "percent_covered": 100.0, "percent_covered_display": "100", "missing_lines": 0, "excluded_lines": 0}, "missing_lines": [], "excluded_lines": []}, "AlertRoutingRules.set_routing": {"executed_lines": [115, 116], "summary": {"covered_lines": 2, "num_statements": 2, "percent_covered": 100.0, "percent_covered_display": "100", "missing_lines": 0, "excluded_lines": 0}, "missing_lines": [], "excluded_lines": []}, "AlertThrottler.__init__": {"executed_lines": [133, 134], "summary": {"covered_lines": 2, "num_statements": 2, "percent_covered": 100.0, "percent_covered_display": "100", "missing_lines": 0, "excluded_lines": 0}, "missing_lines": [], "excluded_lines": []}, "AlertThrottler.should_send": {"executed_lines": [147, 150, 151, 152, 154, 155, 158, 161, 164, 165, 169], "summary": {"covered_lines": 11, "num_statements": 11, "percent_covered": 100.0, "percent_covered_display": "100", "missing_lines": 0, "excluded_lines": 0}, "missing_lines": [], "excluded_lines": []}, "AlertThrottler.reset": {"executed_lines": [173, 174], "summary": {"covered_lines": 2, "num_statements": 2, "percent_covered": 100.0, "percent_covered_display": "100", "missing_lines": 0, "excluded_lines": 0}, "missing_lines": [], "excluded_lines": []}, "AlertService.__init__": {"executed_lines": [191, 192, 193, 194, 196], "summary": {"covered_lines": 5, "num_statements": 5, "percent_covered": 100.0, "percent_covered_display": "100", "missing_lines": 0, "excluded_lines": 0}, "missing_lines": [], "excluded_lines": []}, "AlertService.register_channel": {"executed_lines": [206], "summary": {"covered_lines": 1, "num_statements": 1, "percent_covered": 100.0, "percent_covered_display": "100", "missing_lines": 0, "excluded_lines": 0}, "missing_lines": [], "excluded_lines": []}, "AlertService.send_alert": {"executed_lines": [222, 223, 224, 227, 229, 234, 235, 236, 237, 241, 243, 247, 250, 255, 257, 258, 261, 264, 270, 272], "summary": {"covered_lines": 20, "num_statements": 22, "percent_covered": 90.9090909090909, "percent_covered_display": "91", "missing_lines": 2, "excluded_lines": 0}, "missing_lines": [230, 231], "excluded_lines": []}, "AlertService._track_delivery": {"executed_lines": [276, 279], "summary": {"covered_lines": 2, "num_statements": 3, "percent_covered": 66.66666666666667, "percent_covered_display": "67", "missing_lines": 1, "excluded_lines": 0}, "missing_lines": [280], "excluded_lines": []}, "AlertService.get_delivery_stats": {"executed_lines": [284, 285, 286], "summary": {"covered_lines": 3, "num_statements": 6, "percent_covered": 50.0, "percent_covered_display": "50", "missing_lines": 3, "excluded_lines": 0}, "missing_lines": [293, 296, 300], "excluded_lines": []}, "AlertService.get_recent_alerts": {"executed_lines": [], "summary": {"covered_lines": 0, "num_statements": 1, "percent_covered": 0.0, "percent_covered_display": "0", "missing_lines": 1, "excluded_lines": 0}, "missing_lines": [317], "excluded_lines": []}, "": {"executed_lines": [1, 18, 19, 20, 22, 29, 32, 33, 35, 39, 51, 55, 60, 61, 67, 75, 86, 107, 119, 120, 126, 136, 171, 177, 178, 184, 198, 208, 274, 282, 307, 321], "summary": {"covered_lines": 27, "num_statements": 27, "percent_covered": 100.0, "percent_covered_display": "100", "missing_lines": 0, "excluded_lines": 0}, "missing_lines": [], "excluded_lines": []}}, "classes": {"AlertChannel": {"executed_lines": [36, 37], "summary": {"covered_lines": 2, "num_statements": 5, "percent_covered": 40.0, "percent_covered_display": "40", "missing_lines": 3, "excluded_lines": 0}, "missing_lines": [49, 53, 57], "excluded_lines": []}, "AlertRoutingRules": {"executed_lines": [68, 73, 83, 84, 96, 97, 99, 100, 101, 102, 103, 105, 115, 116], "summary": {"covered_lines": 14, "num_statements": 14, "percent_covered": 100.0, "percent_covered_display": "100", "missing_lines": 0, "excluded_lines": 0}, "missing_lines": [], "excluded_lines": []}, "AlertThrottler": {"executed_lines": [133, 134, 147, 150, 151, 152, 154, 155, 158, 161, 164, 165, 169, 173, 174], "summary": {"covered_lines": 15, "num_statements": 15, "percent_covered": 100.0, "percent_covered_display": "100", "missing_lines": 0, "excluded_lines": 0}, "missing_lines": [], "excluded_lines": []}, "AlertService": {"executed_lines": [191, 192, 193, 194, 196, 206, 222, 223, 224, 227, 229, 234, 235, 236, 237, 241, 243, 247, 250, 255, 257, 258, 261, 264, 270, 272, 276, 279, 284, 285, 286], "summary": {"covered_lines": 31, "num_statements": 38, "percent_covered": 81.57894736842105, "percent_covered_display": "82", "missing_lines": 7, "excluded_lines": 0}, "missing_lines": [230, 231, 280, 293, 296, 300, 317], "excluded_lines": []}, "": {"executed_lines": [1, 18, 19, 20, 22, 29, 32, 33, 35, 39, 51, 55, 60, 61, 67, 75, 86, 107, 119, 120, 126, 136, 171, 177, 178, 184, 198, 208, 274, 282, 307, 321], "summary": {"covered_lines": 27, "num_statements": 27, "percent_covered": 100.0, "percent_covered_display": "100", "missing_lines": 0, "excluded_lines": 0}, "missing_lines": [], "excluded_lines": []}}}, "workspace/features/alerting/channels/__init__.py": {"executed_lines": [1, 11, 12, 13, 15], "summary": {"covered_lines": 4, "num_statements": 4, "percent_covered": 100.0, "percent_covered_display": "100", "missing_lines": 0, "excluded_lines": 0}, "missing_lines": [], "excluded_lines": [], "functions": {"": {"executed_lines": [1, 11, 12, 13, 15], "summary": {"covered_lines": 4, "num_statements": 4, "percent_covered": 100.0, "percent_covered_display": "100", "missing_lines": 0, "excluded_lines": 0}, "missing_lines": [], "excluded_lines": []}}, "classes": {"": {"executed_lines": [1, 11, 12, 13, 15], "summary": {"covered_lines": 4, "num_statements": 4, "percent_covered": 100.0, "percent_covered_display": "100", "missing_lines": 0, "excluded_lines": 0}, "missing_lines": [], "excluded_lines": []}}}, "workspace/features/alerting/channels/email_channel.py": {"executed_lines": [1, 17, 18, 19, 20, 21, 23, 24, 26, 29, 30, 36, 58, 59, 60, 61, 62, 63, 64, 65, 67, 72, 82, 84, 85, 86, 87, 90, 91, 92, 95, 96, 97, 100, 101, 102, 104, 105, 107, 108, 110, 111, 112, 114, 116, 130, 135, 139, 141, 144, 149, 151, 226, 240, 249, 253], "summary": {"covered_lines": 54, "num_statements": 61, "percent_covered": 88.52459016393442, "percent_covered_display": "89", "missing_lines": 7, "excluded_lines": 0}, "missing_lines": [131, 132, 133, 227, 232, 233, 235], "excluded_lines": [], "functions": {"EmailAlertChannel.__init__": {"executed_lines": [58, 59, 60, 61, 62, 63, 64, 65, 67], "summary": {"covered_lines": 9, "num_statements": 9, "percent_covered": 100.0, "percent_covered_display": "100", "missing_lines": 0, "excluded_lines": 0}, "missing_lines": [], "excluded_lines": []}, "EmailAlertChannel.send": {"executed_lines": [82, 84, 85, 86, 87, 90, 91, 92, 95, 96, 97, 100, 101, 102, 104, 105, 107, 108, 110, 111, 112], "summary": {"covered_lines": 21, "num_statements": 21, "percent_covered": 100.0, "percent_covered_display": "100", "missing_lines": 0, "excluded_lines": 0}, "missing_lines": [], "excluded_lines": []}, "EmailAlertChannel._format_text_body": {"executed_lines": [116, 130, 135, 139], "summary": {"covered_lines": 4, "num_statements": 7, "percent_covered": 57.142857142857146, "percent_covered_display": "57", "missing_lines": 3, "excluded_lines": 0}, "missing_lines": [131, 132, 133], "excluded_lines": []}, "EmailAlertChannel._format_html_body": {"executed_lines": [144, 149, 151, 226, 240, 249], "summary": {"covered_lines": 6, "num_statements": 10, "percent_covered": 60.0, "percent_covered_display": "60", "missing_lines": 4, "excluded_lines": 0}, "missing_lines": [227, 232, 233, 235], "excluded_lines": []}, "": {"executed_lines": [1, 17, 18, 19, 20, 21, 23, 24, 26, 29, 30, 36, 72, 114, 141, 253], "summary": {"covered_lines": 14, "num_statements": 14, "percent_covered": 100.0, "percent_covered_display": "100", "missing_lines": 0, "excluded_lines": 0}, "missing_lines": [], "excluded_lines": []}}, "classes": {"EmailAlertChannel": {"executed_lines": [58, 59, 60, 61, 62, 63, 64, 65, 67, 82, 84, 85, 86, 87, 90, 91, 92, 95, 96, 97, 100, 101, 102, 104, 105, 107, 108, 110, 111, 112, 116, 130, 135, 139, 144, 149, 151, 226, 240, 249], "summary": {"covered_lines": 40, "num_statements": 47, "percent_covered": 85.1063829787234, "percent_covered_display": "85", "missing_lines": 7, "excluded_lines": 0}, "missing_lines": [131, 132, 133, 227, 232, 233, 235], "excluded_lines": []}, "": {"executed_lines": [1, 17, 18, 19, 20, 21, 23, 24, 26, 29, 30, 36, 72, 114, 141, 253], "summary": {"covered_lines": 14, "num_statements": 14, "percent_covered": 100.0, "percent_covered_display": "100", "missing_lines": 0, "excluded_lines": 0}, "missing_lines": [], "excluded_lines": []}}}, "workspace/features/alerting/channels/pagerduty_channel.py": {"executed_lines": [1, 17, 18, 20, 21, 23, 26, 27, 33, 46, 47, 48, 49, 51, 53, 64, 70, 73, 76, 78, 80, 83, 84, 85, 87, 88, 99, 102, 107, 110, 118, 122, 135, 137, 167], "summary": {"covered_lines": 33, "num_statements": 50, "percent_covered": 66.0, "percent_covered_display": "66", "missing_lines": 17, "excluded_lines": 0}, "missing_lines": [90, 91, 94, 95, 96, 97, 119, 147, 148, 154, 155, 156, 158, 159, 161, 162, 163], "excluded_lines": [], "functions": {"PagerDutyAlertChannel.__init__": {"executed_lines": [46, 47, 48, 49, 51], "summary": {"covered_lines": 5, "num_statements": 5, "percent_covered": 100.0, "percent_covered_display": "100", "missing_lines": 0, "excluded_lines": 0}, "missing_lines": [], "excluded_lines": []}, "PagerDutyAlertChannel.send": {"executed_lines": [64, 70, 73, 76, 78, 80, 83, 84, 85, 87, 88], "summary": {"covered_lines": 11, "num_statements": 17, "percent_covered": 64.70588235294117, "percent_covered_display": "65", "missing_lines": 6, "excluded_lines": 0}, "missing_lines": [90, 91, 94, 95, 96, 97], "excluded_lines": []}, "PagerDutyAlertChannel._build_payload": {"executed_lines": [102, 107, 110, 118, 122, 135], "summary": {"covered_lines": 6, "num_statements": 7, "percent_covered": 85.71428571428571, "percent_covered_display": "86", "missing_lines": 1, "excluded_lines": 0}, "missing_lines": [119], "excluded_lines": []}, "PagerDutyAlertChannel.resolve_alert": {"executed_lines": [], "summary": {"covered_lines": 0, "num_statements": 10, "percent_covered": 0.0, "percent_covered_display": "0", "missing_lines": 10, "excluded_lines": 0}, "missing_lines": [147, 148, 154, 155, 156, 158, 159, 161, 162, 163], "excluded_lines": []}, "": {"executed_lines": [1, 17, 18, 20, 21, 23, 26, 27, 33, 53, 99, 137, 167], "summary": {"covered_lines": 11, "num_statements": 11, "percent_covered": 100.0, "percent_covered_display": "100", "missing_lines": 0, "excluded_lines": 0}, "missing_lines": [], "excluded_lines": []}}, "classes": {"PagerDutyAlertChannel": {"executed_lines": [46, 47, 48, 49, 51, 64, 70, 73, 76, 78, 80, 83, 84, 85, 87, 88, 102, 107, 110, 118, 122, 135], "summary": {"covered_lines": 22, "num_statements": 39, "percent_covered": 56.41025641025641, "percent_covered_display": "56", "missing_lines": 17, "excluded_lines": 0}, "missing_lines": [90, 91, 94, 95, 96, 97, 119, 147, 148, 154, 155, 156, 158, 159, 161, 162, 163], "excluded_lines": []}, "": {"executed_lines": [1, 17, 18, 20, 21, 23, 26, 27, 33, 53, 99, 137, 167], "summary": {"covered_lines": 11, "num_statements": 11, "percent_covered": 100.0, "percent_covered_display": "100", "missing_lines": 0, "excluded_lines": 0}, "missing_lines": [], "excluded_lines": []}}}, "workspace/features/alerting/channels/slack_channel.py": {"executed_lines": [1, 17, 18, 19, 21, 22, 24, 27, 28, 34, 48, 49, 50, 51, 53, 55, 65, 67, 70, 71, 72, 74, 75, 86, 89, 94, 97, 102, 105, 124, 137, 153, 157], "summary": {"covered_lines": 31, "num_statements": 40, "percent_covered": 77.5, "percent_covered_display": "78", "missing_lines": 9, "excluded_lines": 0}, "missing_lines": [77, 78, 81, 82, 83, 84, 125, 127, 128], "excluded_lines": [], "functions": {"SlackAlertChannel.__init__": {"executed_lines": [48, 49, 50, 51, 53], "summary": {"covered_lines": 5, "num_statements": 5, "percent_covered": 100.0, "percent_covered_display": "100", "missing_lines": 0, "excluded_lines": 0}, "missing_lines": [], "excluded_lines": []}, "SlackAlertChannel.send": {"executed_lines": [65, 67, 70, 71, 72, 74, 75], "summary": {"covered_lines": 7, "num_statements": 13, "percent_covered": 53.84615384615385, "percent_covered_display": "54", "missing_lines": 6, "excluded_lines": 0}, "missing_lines": [77, 78, 81, 82, 83, 84], "excluded_lines": []}, "SlackAlertChannel._build_payload": {"executed_lines": [89, 94, 97, 102, 105, 124, 137, 153], "summary": {"covered_lines": 8, "num_statements": 11, "percent_covered": 72.72727272727273, "percent_covered_display": "73", "missing_lines": 3, "excluded_lines": 0}, "missing_lines": [125, 127, 128], "excluded_lines": []}, "": {"executed_lines": [1, 17, 18, 19, 21, 22, 24, 27, 28, 34, 55, 86, 157], "summary": {"covered_lines": 11, "num_statements": 11, "percent_covered": 100.0, "percent_covered_display": "100", "missing_lines": 0, "excluded_lines": 0}, "missing_lines": [], "excluded_lines": []}}, "classes": {"SlackAlertChannel": {"executed_lines": [48, 49, 50, 51, 53, 65, 67, 70, 71, 72, 74, 75, 89, 94, 97, 102, 105, 124, 137, 153], "summary": {"covered_lines": 20, "num_statements": 29, "percent_covered": 68.96551724137932, "percent_covered_display": "69", "missing_lines": 9, "excluded_lines": 0}, "missing_lines": [77, 78, 81, 82, 83, 84, 125, 127, 128], "excluded_lines": []}, "": {"executed_lines": [1, 17, 18, 19, 21, 22, 24, 27, 28, 34, 55, 86, 157], "summary": {"covered_lines": 11, "num_statements": 11, "percent_covered": 100.0, "percent_covered_display": "100", "missing_lines": 0, "excluded_lines": 0}, "missing_lines": [], "excluded_lines": []}}}, "workspace/features/alerting/models.py": {"executed_lines": [1, 11, 12, 13, 14, 15, 18, 19, 21, 22, 23, 26, 27, 29, 30, 31, 32, 33, 36, 37, 43, 44, 45, 46, 47, 50, 51, 55, 56, 59, 60, 62, 63, 64, 65, 68, 69, 71, 72, 73, 74, 75, 76, 80], "summary": {"covered_lines": 38, "num_statements": 38, "percent_covered": 100.0, "percent_covered_display": "100", "missing_lines": 0, "excluded_lines": 0}, "missing_lines": [], "excluded_lines": [], "functions": {"": {"executed_lines": [1, 11, 12, 13, 14, 15, 18, 19, 21, 22, 23, 26, 27, 29, 30, 31, 32, 33, 36, 37, 43, 44, 45, 46, 47, 50, 51, 55, 56, 59, 60, 62, 63, 64, 65, 68, 69, 71, 72, 73, 74, 75, 76, 80], "summary": {"covered_lines": 38, "num_statements": 38, "percent_covered": 100.0, "percent_covered_display": "100", "missing_lines": 0, "excluded_lines": 0}, "missing_lines": [], "excluded_lines": []}}, "classes": {"AlertSeverity": {"executed_lines": [], "summary": {"covered_lines": 0, "num_statements": 0, "percent_covered": 100.0, "percent_covered_display": "100", "missing_lines": 0, "excluded_lines": 0}, "missing_lines": [], "excluded_lines": []}, "AlertCategory": {"executed_lines": [], "summary": {"covered_lines": 0, "num_statements": 0, "percent_covered": 100.0, "percent_covered_display": "100", "missing_lines": 0, "excluded_lines": 0}, "missing_lines": [], "excluded_lines": []}, "Alert": {"executed_lines": [], "summary": {"covered_lines": 0, "num_statements": 0, "percent_covered": 100.0, "percent_covered_display": "100", "missing_lines": 0, "excluded_lines": 0}, "missing_lines": [], "excluded_lines": []}, "Alert.Config": {"executed_lines": [], "summary": {"covered_lines": 0, "num_statements": 0, "percent_covered": 100.0, "percent_covered_display": "100", "missing_lines": 0, "excluded_lines": 0}, "missing_lines": [], "excluded_lines": []}, "AlertDeliveryStatus": {"executed_lines": [], "summary": {"covered_lines": 0, "num_statements": 0, "percent_covered": 100.0, "percent_covered_display": "100", "missing_lines": 0, "excluded_lines": 0}, "missing_lines": [], "excluded_lines": []}, "AlertDeliveryRecord": {"executed_lines": [], "summary": {"covered_lines": 0, "num_statements": 0, "percent_covered": 100.0, "percent_covered_display": "100", "missing_lines": 0, "excluded_lines": 0}, "missing_lines": [], "excluded_lines": []}, "": {"executed_lines": [1, 11, 12, 13, 14, 15, 18, 19, 21, 22, 23, 26, 27, 29, 30, 31, 32, 33, 36, 37, 43, 44, 45, 46, 47, 50, 51, 55, 56, 59, 60, 62, 63, 64, 65, 68, 69, 71, 72, 73, 74, 75, 76, 80], "summary": {"covered_lines": 38, "num_statements": 38, "percent_covered": 100.0, "percent_covered_display": "100", "missing_lines": 0, "excluded_lines": 0}, "missing_lines": [], "excluded_lines": []}}}, "workspace/features/caching/__init__.py": {"executed_lines": [1, 10, 12], "summary": {"covered_lines": 2, "num_statements": 2, "percent_covered": 100.0, "percent_covered_display": "100", "missing_lines": 0, "excluded_lines": 0}, "missing_lines": [], "excluded_lines": [], "functions": {"": {"executed_lines": [1, 10, 12], "summary": {"covered_lines": 2, "num_statements": 2, "percent_covered": 100.0, "percent_covered_display": "100", "missing_lines": 0, "excluded_lines": 0}, "missing_lines": [], "excluded_lines": []}}, "classes": {"": {"executed_lines": [1, 10, 12], "summary": {"covered_lines": 2, "num_statements": 2, "percent_covered": 100.0, "percent_covered_display": "100", "missing_lines": 0, "excluded_lines": 0}, "missing_lines": [], "excluded_lines": []}}}, "workspace/features/caching/cache_service.py": {"executed_lines": [1, 10, 11, 12, 13, 14, 17, 18, 20, 25, 28, 29, 40, 60, 61, 62, 63, 64, 65, 68, 69, 72, 80, 87, 89, 99, 100, 103, 104, 105, 117, 118, 122, 124, 141, 142, 144, 147, 148, 149, 157, 158, 162, 164, 174, 177, 178, 179, 180, 181, 182, 183, 184, 190, 200, 201, 203, 213, 216, 217, 219, 220, 221, 222, 225, 228, 229, 230, 236, 243, 244, 248, 257, 258, 270, 273, 274, 277, 278, 282, 300, 301, 302, 305, 308, 310, 312, 322, 324, 326, 327, 328, 331, 332, 333, 334, 335, 336, 339, 340, 343, 344, 345, 346, 347, 356, 373, 375, 377, 378, 379, 382, 385, 388, 390, 391, 393, 401], "summary": {"covered_lines": 116, "num_statements": 150, "percent_covered": 77.33333333333333, "percent_covered_display": "77", "missing_lines": 34, "excluded_lines": 0}, "missing_lines": [21, 22, 23, 106, 108, 109, 110, 111, 113, 114, 115, 150, 152, 153, 154, 155, 175, 186, 187, 188, 214, 232, 233, 234, 280, 349, 351, 352, 353, 354, 380, 395, 396, 397], "excluded_lines": [], "functions": {"CacheService.__init__": {"executed_lines": [60, 61, 62, 63, 64, 65, 68, 69, 72, 80, 87], "summary": {"covered_lines": 11, "num_statements": 11, "percent_covered": 100.0, "percent_covered_display": "100", "missing_lines": 0, "excluded_lines": 0}, "missing_lines": [], "excluded_lines": []}, "CacheService.get": {"executed_lines": [99, 100, 103, 104, 105, 117, 118, 122], "summary": {"covered_lines": 8, "num_statements": 16, "percent_covered": 50.0, "percent_covered_display": "50", "missing_lines": 8, "excluded_lines": 0}, "missing_lines": [106, 108, 109, 110, 111, 113, 114, 115], "excluded_lines": []}, "CacheService.set": {"executed_lines": [141, 142, 144, 147, 148, 149, 157, 158, 162], "summary": {"covered_lines": 9, "num_statements": 14, "percent_covered": 64.28571428571429, "percent_covered_display": "64", "missing_lines": 5, "excluded_lines": 0}, "missing_lines": [150, 152, 153, 154, 155], "excluded_lines": []}, "CacheService.delete": {"executed_lines": [174, 177, 178, 179, 180, 181, 182, 183, 184], "summary": {"covered_lines": 9, "num_statements": 13, "percent_covered": 69.23076923076923, "percent_covered_display": "69", "missing_lines": 4, "excluded_lines": 0}, "missing_lines": [175, 186, 187, 188], "excluded_lines": []}, "CacheService.exists": {"executed_lines": [200, 201], "summary": {"covered_lines": 2, "num_statements": 2, "percent_covered": 100.0, "percent_covered_display": "100", "missing_lines": 0, "excluded_lines": 0}, "missing_lines": [], "excluded_lines": []}, "CacheService.clear": {"executed_lines": [213, 216, 217, 219, 220, 221, 222, 225, 228, 229, 230], "summary": {"covered_lines": 11, "num_statements": 15, "percent_covered": 73.33333333333333, "percent_covered_display": "73", "missing_lines": 4, "excluded_lines": 0}, "missing_lines": [214, 232, 233, 234], "excluded_lines": []}, "CacheService.get_stats": {"executed_lines": [243, 244, 248], "summary": {"covered_lines": 3, "num_statements": 3, "percent_covered": 100.0, "percent_covered_display": "100", "missing_lines": 0, "excluded_lines": 0}, "missing_lines": [], "excluded_lines": []}, "CacheService.generate_key": {"executed_lines": [270, 273, 274, 277, 278], "summary": {"covered_lines": 5, "num_statements": 6, "percent_covered": 83.33333333333333, "percent_covered_display": "83", "missing_lines": 1, "excluded_lines": 0}, "missing_lines": [280], "excluded_lines": []}, "CacheService.get_or_set": {"executed_lines": [300, 301, 302, 305, 308, 310], "summary": {"covered_lines": 6, "num_statements": 6, "percent_covered": 100.0, "percent_covered_display": "100", "missing_lines": 0, "excluded_lines": 0}, "missing_lines": [], "excluded_lines": []}, "CacheService._memory_get": {"executed_lines": [322, 324, 326, 327, 328, 331, 332, 333, 334, 335, 336, 339, 340, 343, 344, 345, 346, 347], "summary": {"covered_lines": 18, "num_statements": 23, "percent_covered": 78.26086956521739, "percent_covered_display": "78", "missing_lines": 5, "excluded_lines": 0}, "missing_lines": [349, 351, 352, 353, 354], "excluded_lines": []}, "CacheService._memory_set": {"executed_lines": [373, 375, 377, 378, 379, 382, 385, 388, 390, 391, 393], "summary": {"covered_lines": 11, "num_statements": 15, "percent_covered": 73.33333333333333, "percent_covered_display": "73", "missing_lines": 4, "excluded_lines": 0}, "missing_lines": [380, 395, 396, 397], "excluded_lines": []}, "": {"executed_lines": [1, 10, 11, 12, 13, 14, 17, 18, 20, 25, 28, 29, 40, 89, 124, 164, 190, 203, 236, 257, 258, 282, 312, 356, 401], "summary": {"covered_lines": 23, "num_statements": 26, "percent_covered": 88.46153846153847, "percent_covered_display": "88", "missing_lines": 3, "excluded_lines": 0}, "missing_lines": [21, 22, 23], "excluded_lines": []}}, "classes": {"CacheService": {"executed_lines": [60, 61, 62, 63, 64, 65, 68, 69, 72, 80, 87, 99, 100, 103, 104, 105, 117, 118, 122, 141, 142, 144, 147, 148, 149, 157, 158, 162, 174, 177, 178, 179, 180, 181, 182, 183, 184, 200, 201, 213, 216, 217, 219, 220, 221, 222, 225, 228, 229, 230, 243, 244, 248, 270, 273, 274, 277, 278, 300, 301, 302, 305, 308, 310, 322, 324, 326, 327, 328, 331, 332, 333, 334, 335, 336, 339, 340, 343, 344, 345, 346, 347, 373, 375, 377, 378, 379, 382, 385, 388, 390, 391, 393], "summary": {"covered_lines": 93, "num_statements": 124, "percent_covered": 75.0, "percent_covered_display": "75", "missing_lines": 31, "excluded_lines": 0}, "missing_lines": [106, 108, 109, 110, 111, 113, 114, 115, 150, 152, 153, 154, 155, 175, 186, 187, 188, 214, 232, 233, 234, 280, 349, 351, 352, 353, 354, 380, 395, 396, 397], "excluded_lines": []}, "": {"executed_lines": [1, 10, 11, 12, 13, 14, 17, 18, 20, 25, 28, 29, 40, 89, 124, 164, 190, 203, 236, 257, 258, 282, 312, 356, 401], "summary": {"covered_lines": 23, "num_statements": 26, "percent_covered": 88.46153846153847, "percent_covered_display": "88", "missing_lines": 3, "excluded_lines": 0}, "missing_lines": [21, 22, 23], "excluded_lines": []}}}, "workspace/features/decision_engine/__init__.py": {"executed_lines": [1, 11, 12, 14], "summary": {"covered_lines": 3, "num_statements": 3, "percent_covered": 100.0, "percent_covered_display": "100", "missing_lines": 0, "excluded_lines": 0}, "missing_lines": [], "excluded_lines": [], "functions": {"": {"executed_lines": [1, 11, 12, 14], "summary": {"covered_lines": 3, "num_statements": 3, "percent_covered": 100.0, "percent_covered_display": "100", "missing_lines": 0, "excluded_lines": 0}, "missing_lines": [], "excluded_lines": []}}, "classes": {"": {"executed_lines": [1, 11, 12, 14], "summary": {"covered_lines": 3, "num_statements": 3, "percent_covered": 100.0, "percent_covered_display": "100", "missing_lines": 0, "excluded_lines": 0}, "missing_lines": [], "excluded_lines": []}}}, "workspace/features/decision_engine/llm_engine.py": {"executed_lines": [1, 11, 12, 13, 14, 15, 16, 17, 19, 21, 22, 23, 24, 27, 30, 31, 33, 34, 35, 38, 39, 40, 42, 43, 44, 45, 46, 47, 48, 51, 52, 86, 88, 110, 119, 120, 123, 124, 126, 128, 130, 134, 156, 158, 160, 163, 164, 166, 170, 171, 172, 175, 177, 179, 180, 181, 184, 186, 188, 195, 201, 203, 205, 233, 235, 237, 239, 241, 244, 245, 246, 247, 250, 251, 252, 270, 273, 274, 276, 279, 282, 358, 359, 361, 363, 384, 472, 487, 489, 491, 493, 498, 499, 500, 503, 505, 506, 521, 522, 523, 524, 532, 538, 550, 553, 555, 556, 557, 560, 566, 568, 578, 580, 581, 582, 583, 585, 589, 590, 596, 597, 598, 601, 613, 619, 634, 636, 637, 638, 646, 648, 669, 686, 689, 690, 691, 693, 697], "summary": {"covered_lines": 134, "num_statements": 209, "percent_covered": 64.11483253588517, "percent_covered_display": "64", "missing_lines": 75, "excluded_lines": 0}, "missing_lines": [132, 174, 183, 290, 291, 296, 298, 301, 304, 307, 308, 309, 310, 313, 314, 317, 318, 322, 330, 332, 333, 334, 353, 354, 356, 377, 378, 380, 397, 404, 416, 418, 419, 425, 427, 430, 431, 432, 434, 435, 438, 439, 440, 445, 451, 457, 460, 462, 463, 466, 468, 469, 470, 494, 495, 508, 512, 513, 514, 516, 517, 518, 534, 535, 536, 562, 563, 564, 586, 591, 592, 593, 615, 616, 617], "excluded_lines": [], "functions": {"LLMDecisionEngine.__init__": {"executed_lines": [110, 119, 120, 123, 124, 126, 128], "summary": {"covered_lines": 7, "num_statements": 7, "percent_covered": 100.0, "percent_covered_display": "100", "missing_lines": 0, "excluded_lines": 0}, "missing_lines": [], "excluded_lines": []}, "LLMDecisionEngine.close": {"executed_lines": [], "summary": {"covered_lines": 0, "num_statements": 1, "percent_covered": 0.0, "percent_covered_display": "0", "missing_lines": 1, "excluded_lines": 0}, "missing_lines": [132], "excluded_lines": []}, "LLMDecisionEngine._generate_cache_key": {"executed_lines": [156, 158, 160, 163, 164, 166, 170, 171, 172, 175, 177, 179, 180, 181, 184, 186, 188, 195, 201, 203], "summary": {"covered_lines": 20, "num_statements": 22, "percent_covered": 90.9090909090909, "percent_covered_display": "91", "missing_lines": 2, "excluded_lines": 0}, "missing_lines": [174, 183], "excluded_lines": []}, "LLMDecisionEngine.generate_signals": {"executed_lines": [233, 235, 237, 239, 241, 244, 245, 246, 247, 250, 251, 252, 270, 273, 274, 276, 279, 282, 358, 359, 361], "summary": {"covered_lines": 21, "num_statements": 43, "percent_covered": 48.83720930232558, "percent_covered_display": "49", "missing_lines": 22, "excluded_lines": 0}, "missing_lines": [290, 291, 296, 298, 301, 304, 307, 308, 309, 310, 313, 314, 317, 318, 322, 330, 332, 333, 334, 353, 354, 356], "excluded_lines": []}, "LLMDecisionEngine._call_llm": {"executed_lines": [], "summary": {"covered_lines": 0, "num_statements": 3, "percent_covered": 0.0, "percent_covered_display": "0", "missing_lines": 3, "excluded_lines": 0}, "missing_lines": [377, 378, 380], "excluded_lines": []}, "LLMDecisionEngine._call_openrouter": {"executed_lines": [], "summary": {"covered_lines": 0, "num_statements": 25, "percent_covered": 0.0, "percent_covered_display": "0", "missing_lines": 25, "excluded_lines": 0}, "missing_lines": [397, 404, 416, 418, 419, 425, 427, 430, 431, 432, 434, 435, 438, 439, 440, 445, 451, 457, 460, 462, 463, 466, 468, 469, 470], "excluded_lines": []}, "LLMDecisionEngine._parse_response": {"executed_lines": [487, 489, 491, 493, 498, 499, 500, 503, 505, 506, 521, 522, 523, 524, 532], "summary": {"covered_lines": 15, "num_statements": 27, "percent_covered": 55.55555555555556, "percent_covered_display": "56", "missing_lines": 12, "excluded_lines": 0}, "missing_lines": [494, 495, 508, 512, 513, 514, 516, 517, 518, 534, 535, 536], "excluded_lines": []}, "LLMDecisionEngine._extract_json_blocks": {"executed_lines": [550, 553, 555, 556, 557, 560, 566], "summary": {"covered_lines": 7, "num_statements": 10, "percent_covered": 70.0, "percent_covered_display": "70", "missing_lines": 3, "excluded_lines": 0}, "missing_lines": [562, 563, 564], "excluded_lines": []}, "LLMDecisionEngine._create_signal_from_json": {"executed_lines": [578, 580, 581, 582, 583, 585, 589, 590, 596, 597, 598, 601, 613], "summary": {"covered_lines": 13, "num_statements": 20, "percent_covered": 65.0, "percent_covered_display": "65", "missing_lines": 7, "excluded_lines": 0}, "missing_lines": [586, 591, 592, 593, 615, 616, 617], "excluded_lines": []}, "LLMDecisionEngine._generate_fallback_signals": {"executed_lines": [634, 636, 637, 638, 646], "summary": {"covered_lines": 5, "num_statements": 5, "percent_covered": 100.0, "percent_covered_display": "100", "missing_lines": 0, "excluded_lines": 0}, "missing_lines": [], "excluded_lines": []}, "LLMDecisionEngine._calculate_cost": {"executed_lines": [669, 686, 689, 690, 691, 693], "summary": {"covered_lines": 6, "num_statements": 6, "percent_covered": 100.0, "percent_covered_display": "100", "missing_lines": 0, "excluded_lines": 0}, "missing_lines": [], "excluded_lines": []}, "": {"executed_lines": [1, 11, 12, 13, 14, 15, 16, 17, 19, 21, 22, 23, 24, 27, 30, 31, 33, 34, 35, 38, 39, 40, 42, 43, 44, 45, 46, 47, 48, 51, 52, 86, 88, 130, 134, 205, 363, 384, 472, 538, 568, 619, 648, 697], "summary": {"covered_lines": 40, "num_statements": 40, "percent_covered": 100.0, "percent_covered_display": "100", "missing_lines": 0, "excluded_lines": 0}, "missing_lines": [], "excluded_lines": []}}, "classes": {"LLMProvider": {"executed_lines": [], "summary": {"covered_lines": 0, "num_statements": 0, "percent_covered": 100.0, "percent_covered_display": "100", "missing_lines": 0, "excluded_lines": 0}, "missing_lines": [], "excluded_lines": []}, "LLMConfig": {"executed_lines": [], "summary": {"covered_lines": 0, "num_statements": 0, "percent_covered": 100.0, "percent_covered_display": "100", "missing_lines": 0, "excluded_lines": 0}, "missing_lines": [], "excluded_lines": []}, "LLMDecisionEngine": {"executed_lines": [110, 119, 120, 123, 124, 126, 128, 156, 158, 160, 163, 164, 166, 170, 171, 172, 175, 177, 179, 180, 181, 184, 186, 188, 195, 201, 203, 233, 235, 237, 239, 241, 244, 245, 246, 247, 250, 251, 252, 270, 273, 274, 276, 279, 282, 358, 359, 361, 487, 489, 491, 493, 498, 499, 500, 503, 505, 506, 521, 522, 523, 524, 532, 550, 553, 555, 556, 557, 560, 566, 578, 580, 581, 582, 583, 585, 589, 590, 596, 597, 598, 601, 613, 634, 636, 637, 638, 646, 669, 686, 689, 690, 691, 693], "summary": {"covered_lines": 94, "num_statements": 169, "percent_covered": 55.62130177514793, "percent_covered_display": "56", "missing_lines": 75, "excluded_lines": 0}, "missing_lines": [132, 174, 183, 290, 291, 296, 298, 301, 304, 307, 308, 309, 310, 313, 314, 317, 318, 322, 330, 332, 333, 334, 353, 354, 356, 377, 378, 380, 397, 404, 416, 418, 419, 425, 427, 430, 431, 432, 434, 435, 438, 439, 440, 445, 451, 457, 460, 462, 463, 466, 468, 469, 470, 494, 495, 508, 512, 513, 514, 516, 517, 518, 534, 535, 536, 562, 563, 564, 586, 591, 592, 593, 615, 616, 617], "excluded_lines": []}, "": {"executed_lines": [1, 11, 12, 13, 14, 15, 16, 17, 19, 21, 22, 23, 24, 27, 30, 31, 33, 34, 35, 38, 39, 40, 42, 43, 44, 45, 46, 47, 48, 51, 52, 86, 88, 130, 134, 205, 363, 384, 472, 538, 568, 619, 648, 697], "summary": {"covered_lines": 40, "num_statements": 40, "percent_covered": 100.0, "percent_covered_display": "100", "missing_lines": 0, "excluded_lines": 0}, "missing_lines": [], "excluded_lines": []}}}, "workspace/features/decision_engine/prompt_builder.py": {"executed_lines": [1, 10, 11, 12, 14, 17, 18, 41, 43, 45, 66, 69, 72, 81, 82, 85, 92, 94, 110, 117, 125, 126, 127, 128, 130, 132, 134, 139, 142, 143, 144, 145, 146, 147, 148, 149, 151, 153, 158, 166, 167, 172, 178, 185, 186, 188, 189, 190, 191, 192, 266, 317], "summary": {"covered_lines": 50, "num_statements": 105, "percent_covered": 47.61904761904762, "percent_covered_display": "48", "missing_lines": 55, "excluded_lines": 0}, "missing_lines": [88, 90, 140, 168, 170, 193, 196, 197, 198, 199, 200, 201, 204, 205, 206, 209, 211, 212, 213, 214, 215, 216, 217, 219, 221, 222, 223, 226, 227, 229, 231, 232, 233, 234, 235, 237, 238, 240, 242, 243, 244, 245, 246, 247, 248, 250, 251, 256, 257, 258, 259, 260, 262, 264, 268], "excluded_lines": [], "functions": {"PromptBuilder.__init__": {"executed_lines": [43], "summary": {"covered_lines": 1, "num_statements": 1, "percent_covered": 100.0, "percent_covered_display": "100", "missing_lines": 0, "excluded_lines": 0}, "missing_lines": [], "excluded_lines": []}, "PromptBuilder.build_trading_prompt": {"executed_lines": [66, 69, 72, 81, 82, 85], "summary": {"covered_lines": 6, "num_statements": 8, "percent_covered": 75.0, "percent_covered_display": "75", "missing_lines": 2, "excluded_lines": 0}, "missing_lines": [88, 90], "excluded_lines": []}, "PromptBuilder._build_system_context": {"executed_lines": [94], "summary": {"covered_lines": 1, "num_statements": 1, "percent_covered": 100.0, "percent_covered_display": "100", "missing_lines": 0, "excluded_lines": 0}, "missing_lines": [], "excluded_lines": []}, "PromptBuilder._build_capital_context": {"executed_lines": [117, 125, 126, 127, 128, 130], "summary": {"covered_lines": 6, "num_statements": 6, "percent_covered": 100.0, "percent_covered_display": "100", "missing_lines": 0, "excluded_lines": 0}, "missing_lines": [], "excluded_lines": []}, "PromptBuilder._build_positions_context": {"executed_lines": [134, 139, 142, 143, 144, 145, 146, 147, 148, 149, 151], "summary": {"covered_lines": 11, "num_statements": 12, "percent_covered": 91.66666666666667, "percent_covered_display": "92", "missing_lines": 1, "excluded_lines": 0}, "missing_lines": [140], "excluded_lines": []}, "PromptBuilder._build_market_data_section": {"executed_lines": [158, 166, 167], "summary": {"covered_lines": 3, "num_statements": 5, "percent_covered": 60.0, "percent_covered_display": "60", "missing_lines": 2, "excluded_lines": 0}, "missing_lines": [168, 170], "excluded_lines": []}, "PromptBuilder._format_snapshot": {"executed_lines": [178, 185, 186, 188, 189, 190, 191, 192], "summary": {"covered_lines": 8, "num_statements": 57, "percent_covered": 14.035087719298245, "percent_covered_display": "14", "missing_lines": 49, "excluded_lines": 0}, "missing_lines": [193, 196, 197, 198, 199, 200, 201, 204, 205, 206, 209, 211, 212, 213, 214, 215, 216, 217, 219, 221, 222, 223, 226, 227, 229, 231, 232, 233, 234, 235, 237, 238, 240, 242, 243, 244, 245, 246, 247, 248, 250, 251, 256, 257, 258, 259, 260, 262, 264], "excluded_lines": []}, "PromptBuilder._build_output_format": {"executed_lines": [], "summary": {"covered_lines": 0, "num_statements": 1, "percent_covered": 0.0, "percent_covered_display": "0", "missing_lines": 1, "excluded_lines": 0}, "missing_lines": [268], "excluded_lines": []}, "": {"executed_lines": [1, 10, 11, 12, 14, 17, 18, 41, 45, 92, 110, 132, 153, 172, 266, 317], "summary": {"covered_lines": 14, "num_statements": 14, "percent_covered": 100.0, "percent_covered_display": "100", "missing_lines": 0, "excluded_lines": 0}, "missing_lines": [], "excluded_lines": []}}, "classes": {"PromptBuilder": {"executed_lines": [43, 66, 69, 72, 81, 82, 85, 94, 117, 125, 126, 127, 128, 130, 134, 139, 142, 143, 144, 145, 146, 147, 148, 149, 151, 158, 166, 167, 178, 185, 186, 188, 189, 190, 191, 192], "summary": {"covered_lines": 36, "num_statements": 91, "percent_covered": 39.56043956043956, "percent_covered_display": "40", "missing_lines": 55, "excluded_lines": 0}, "missing_lines": [88, 90, 140, 168, 170, 193, 196, 197, 198, 199, 200, 201, 204, 205, 206, 209, 211, 212, 213, 214, 215, 216, 217, 219, 221, 222, 223, 226, 227, 229, 231, 232, 233, 234, 235, 237, 238, 240, 242, 243, 244, 245, 246, 247, 248, 250, 251, 256, 257, 258, 259, 260, 262, 264, 268], "excluded_lines": []}, "": {"executed_lines": [1, 10, 11, 12, 14, 17, 18, 41, 45, 92, 110, 132, 153, 172, 266, 317], "summary": {"covered_lines": 14, "num_statements": 14, "percent_covered": 100.0, "percent_covered_display": "100", "missing_lines": 0, "excluded_lines": 0}, "missing_lines": [], "excluded_lines": []}}}, "workspace/features/error_recovery/__init__.py": {"executed_lines": [1, 14, 19, 25], "summary": {"covered_lines": 3, "num_statements": 3, "percent_covered": 100.0, "percent_covered_display": "100", "missing_lines": 0, "excluded_lines": 0}, "missing_lines": [], "excluded_lines": [], "functions": {"": {"executed_lines": [1, 14, 19, 25], "summary": {"covered_lines": 3, "num_statements": 3, "percent_covered": 100.0, "percent_covered_display": "100", "missing_lines": 0, "excluded_lines": 0}, "missing_lines": [], "excluded_lines": []}}, "classes": {"": {"executed_lines": [1, 14, 19, 25], "summary": {"covered_lines": 3, "num_statements": 3, "percent_covered": 100.0, "percent_covered_display": "100", "missing_lines": 0, "excluded_lines": 0}, "missing_lines": [], "excluded_lines": []}}}, "workspace/features/error_recovery/circuit_breaker.py": {"executed_lines": [1, 11, 12, 13, 14, 15, 16, 18, 21, 22, 24, 25, 26, 29, 30, 45, 63, 64, 65, 66, 67, 70, 71, 72, 73, 74, 77, 85, 90, 91, 93, 95, 96, 98, 100, 101, 103, 104, 106, 107, 109, 111, 113, 114, 115, 116, 118, 120, 121, 122, 123, 124, 128, 130, 131, 132, 133, 138, 140, 141, 142, 143, 144, 145, 147, 149, 150, 152, 153, 154, 160, 161, 164, 166, 168, 169, 170, 171, 173, 178, 180, 181, 183, 184, 186, 203, 204, 205, 210, 212, 214, 217, 219, 220, 223, 225, 227, 229, 230, 232, 234, 235, 237, 239, 260, 261, 263, 267], "summary": {"covered_lines": 104, "num_statements": 104, "percent_covered": 100.0, "percent_covered_display": "100", "missing_lines": 0, "excluded_lines": 0}, "missing_lines": [], "excluded_lines": [], "functions": {"CircuitBreaker.__init__": {"executed_lines": [63, 64, 65, 66, 67, 70, 71, 72, 73, 74, 77, 85], "summary": {"covered_lines": 12, "num_statements": 12, "percent_covered": 100.0, "percent_covered_display": "100", "missing_lines": 0, "excluded_lines": 0}, "missing_lines": [], "excluded_lines": []}, "CircuitBreaker.state": {"executed_lines": [93], "summary": {"covered_lines": 1, "num_statements": 1, "percent_covered": 100.0, "percent_covered_display": "100", "missing_lines": 0, "excluded_lines": 0}, "missing_lines": [], "excluded_lines": []}, "CircuitBreaker.is_closed": {"executed_lines": [98], "summary": {"covered_lines": 1, "num_statements": 1, "percent_covered": 100.0, "percent_covered_display": "100", "missing_lines": 0, "excluded_lines": 0}, "missing_lines": [], "excluded_lines": []}, "CircuitBreaker.is_open": {"executed_lines": [103, 104], "summary": {"covered_lines": 2, "num_statements": 2, "percent_covered": 100.0, "percent_covered_display": "100", "missing_lines": 0, "excluded_lines": 0}, "missing_lines": [], "excluded_lines": []}, "CircuitBreaker.is_half_open": {"executed_lines": [109], "summary": {"covered_lines": 1, "num_statements": 1, "percent_covered": 100.0, "percent_covered_display": "100", "missing_lines": 0, "excluded_lines": 0}, "missing_lines": [], "excluded_lines": []}, "CircuitBreaker._check_half_open_transition": {"executed_lines": [113, 114, 115, 116], "summary": {"covered_lines": 4, "num_statements": 4, "percent_covered": 100.0, "percent_covered_display": "100", "missing_lines": 0, "excluded_lines": 0}, "missing_lines": [], "excluded_lines": []}, "CircuitBreaker._transition_to_half_open": {"executed_lines": [120, 121, 122, 123, 124], "summary": {"covered_lines": 5, "num_statements": 5, "percent_covered": 100.0, "percent_covered_display": "100", "missing_lines": 0, "excluded_lines": 0}, "missing_lines": [], "excluded_lines": []}, "CircuitBreaker._transition_to_open": {"executed_lines": [130, 131, 132, 133], "summary": {"covered_lines": 4, "num_statements": 4, "percent_covered": 100.0, "percent_covered_display": "100", "missing_lines": 0, "excluded_lines": 0}, "missing_lines": [], "excluded_lines": []}, "CircuitBreaker._transition_to_closed": {"executed_lines": [140, 141, 142, 143, 144, 145], "summary": {"covered_lines": 6, "num_statements": 6, "percent_covered": 100.0, "percent_covered_display": "100", "missing_lines": 0, "excluded_lines": 0}, "missing_lines": [], "excluded_lines": []}, "CircuitBreaker._record_success": {"executed_lines": [149, 150, 152, 153, 154, 160, 161, 164], "summary": {"covered_lines": 8, "num_statements": 8, "percent_covered": 100.0, "percent_covered_display": "100", "missing_lines": 0, "excluded_lines": 0}, "missing_lines": [], "excluded_lines": []}, "CircuitBreaker._record_failure": {"executed_lines": [168, 169, 170, 171, 173, 178, 180, 181, 183, 184], "summary": {"covered_lines": 10, "num_statements": 10, "percent_covered": 100.0, "percent_covered_display": "100", "missing_lines": 0, "excluded_lines": 0}, "missing_lines": [], "excluded_lines": []}, "CircuitBreaker.call": {"executed_lines": [203, 204, 205, 210, 212, 214, 217, 219, 220, 223, 225, 227, 229, 230], "summary": {"covered_lines": 14, "num_statements": 14, "percent_covered": 100.0, "percent_covered_display": "100", "missing_lines": 0, "excluded_lines": 0}, "missing_lines": [], "excluded_lines": []}, "CircuitBreaker.reset": {"executed_lines": [234, 235], "summary": {"covered_lines": 2, "num_statements": 2, "percent_covered": 100.0, "percent_covered_display": "100", "missing_lines": 0, "excluded_lines": 0}, "missing_lines": [], "excluded_lines": []}, "CircuitBreaker.get_stats": {"executed_lines": [239], "summary": {"covered_lines": 1, "num_statements": 1, "percent_covered": 100.0, "percent_covered_display": "100", "missing_lines": 0, "excluded_lines": 0}, "missing_lines": [], "excluded_lines": []}, "": {"executed_lines": [1, 11, 12, 13, 14, 15, 16, 18, 21, 22, 24, 25, 26, 29, 30, 45, 90, 91, 95, 96, 100, 101, 106, 107, 111, 118, 128, 138, 147, 166, 186, 232, 237, 260, 261, 263, 267], "summary": {"covered_lines": 33, "num_statements": 33, "percent_covered": 100.0, "percent_covered_display": "100", "missing_lines": 0, "excluded_lines": 0}, "missing_lines": [], "excluded_lines": []}}, "classes": {"CircuitState": {"executed_lines": [], "summary": {"covered_lines": 0, "num_statements": 0, "percent_covered": 100.0, "percent_covered_display": "100", "missing_lines": 0, "excluded_lines": 0}, "missing_lines": [], "excluded_lines": []}, "CircuitBreaker": {"executed_lines": [63, 64, 65, 66, 67, 70, 71, 72, 73, 74, 77, 85, 93, 98, 103, 104, 109, 113, 114, 115, 116, 120, 121, 122, 123, 124, 130, 131, 132, 133, 140, 141, 142, 143, 144, 145, 149, 150, 152, 153, 154, 160, 161, 164, 168, 169, 170, 171, 173, 178, 180, 181, 183, 184, 203, 204, 205, 210, 212, 214, 217, 219, 220, 223, 225, 227, 229, 230, 234, 235, 239], "summary": {"covered_lines": 71, "num_statements": 71, "percent_covered": 100.0, "percent_covered_display": "100", "missing_lines": 0, "excluded_lines": 0}, "missing_lines": [], "excluded_lines": []}, "CircuitBreakerOpenError": {"executed_lines": [], "summary": {"covered_lines": 0, "num_statements": 0, "percent_covered": 100.0, "percent_covered_display": "100", "missing_lines": 0, "excluded_lines": 0}, "missing_lines": [], "excluded_lines": []}, "": {"executed_lines": [1, 11, 12, 13, 14, 15, 16, 18, 21, 22, 24, 25, 26, 29, 30, 45, 90, 91, 95, 96, 100, 101, 106, 107, 111, 118, 128, 138, 147, 166, 186, 232, 237, 260, 261, 263, 267], "summary": {"covered_lines": 33, "num_statements": 33, "percent_covered": 100.0, "percent_covered_display": "100", "missing_lines": 0, "excluded_lines": 0}, "missing_lines": [], "excluded_lines": []}}}, "workspace/features/error_recovery/retry_manager.py": {"executed_lines": [1, 10, 11, 12, 13, 15, 18, 19, 21, 22, 23, 24, 27, 28, 39, 59, 60, 61, 62, 63, 64, 67, 75, 80, 90, 92, 94, 96, 98, 100, 102, 104, 105, 111, 114, 115, 117, 118, 120, 122, 123, 125, 126, 127, 128, 129, 130, 132, 134, 136, 151, 152, 154, 155, 157, 158, 160, 163, 164, 165, 167, 168, 170, 171, 174, 175, 176, 177, 180, 181, 185, 186, 189, 190, 192, 199, 205, 207, 213, 219, 229, 245, 246, 253, 254, 256, 258, 262], "summary": {"covered_lines": 85, "num_statements": 88, "percent_covered": 96.5909090909091, "percent_covered_display": "97", "missing_lines": 3, "excluded_lines": 0}, "missing_lines": [108, 202, 203], "excluded_lines": [], "functions": {"RetryManager.__init__": {"executed_lines": [59, 60, 61, 62, 63, 64, 67, 75], "summary": {"covered_lines": 8, "num_statements": 8, "percent_covered": 100.0, "percent_covered_display": "100", "missing_lines": 0, "excluded_lines": 0}, "missing_lines": [], "excluded_lines": []}, "RetryManager._calculate_delay": {"executed_lines": [90, 92, 94, 96, 98, 100, 102, 104, 105, 111, 114, 115, 117, 118, 120], "summary": {"covered_lines": 15, "num_statements": 16, "percent_covered": 93.75, "percent_covered_display": "94", "missing_lines": 1, "excluded_lines": 0}, "missing_lines": [108], "excluded_lines": []}, "RetryManager._fibonacci": {"executed_lines": [125, 126, 127, 128, 129, 130], "summary": {"covered_lines": 6, "num_statements": 6, "percent_covered": 100.0, "percent_covered_display": "100", "missing_lines": 0, "excluded_lines": 0}, "missing_lines": [], "excluded_lines": []}, "RetryManager._is_retryable": {"executed_lines": [134], "summary": {"covered_lines": 1, "num_statements": 1, "percent_covered": 100.0, "percent_covered_display": "100", "missing_lines": 0, "excluded_lines": 0}, "missing_lines": [], "excluded_lines": []}, "RetryManager.execute": {"executed_lines": [151, 152, 154, 155, 157, 158, 160, 163, 164, 165, 167, 168, 170, 171, 174, 175, 176, 177, 180, 181, 185, 186, 189, 190, 192, 199], "summary": {"covered_lines": 26, "num_statements": 28, "percent_covered": 92.85714285714286, "percent_covered_display": "93", "missing_lines": 2, "excluded_lines": 0}, "missing_lines": [202, 203], "excluded_lines": []}, "RetryManager.get_stats": {"executed_lines": [207, 213, 219], "summary": {"covered_lines": 3, "num_statements": 3, "percent_covered": 100.0, "percent_covered_display": "100", "missing_lines": 0, "excluded_lines": 0}, "missing_lines": [], "excluded_lines": []}, "retry": {"executed_lines": [245, 258], "summary": {"cove
[...]
vered": 100.0, "percent_covered_display": "100", "missing_lines": 0, "excluded_lines": 0}, "missing_lines": [], "excluded_lines": []}, "TestWebSocketHealthMonitor.test_get_stats": {"executed_lines": [222, 224, 225, 226, 228, 231, 232, 233, 234, 235, 236, 237, 238, 239, 240, 243, 244, 245], "summary": {"covered_lines": 18, "num_statements": 18, "percent_covered": 100.0, "percent_covered_display": "100", "missing_lines": 0, "excluded_lines": 0}, "missing_lines": [], "excluded_lines": []}, "TestWebSocketHealthMonitor.test_reset_metrics": {"executed_lines": [249, 252, 253, 254, 255, 258, 261, 262, 263, 264], "summary": {"covered_lines": 10, "num_statements": 10, "percent_covered": 100.0, "percent_covered_display": "100", "missing_lines": 0, "excluded_lines": 0}, "missing_lines": [], "excluded_lines": []}, "TestWebSocketHealthMonitor.test_custom_thresholds": {"executed_lines": [268, 274, 275, 276, 279, 280], "summary": {"covered_lines": 6, "num_statements": 6, "percent_covered": 100.0, "percent_covered_display": "100", "missing_lines": 0, "excluded_lines": 0}, "missing_lines": [], "excluded_lines": []}, "TestWebSocketHealthMonitor.test_health_degradation_over_time": {"executed_lines": [285, 290, 291, 294, 295, 298, 299], "summary": {"covered_lines": 7, "num_statements": 7, "percent_covered": 100.0, "percent_covered_display": "100", "missing_lines": 0, "excluded_lines": 0}, "missing_lines": [], "excluded_lines": []}, "TestWebSocketHealthMonitor.test_error_rate_calculation": {"executed_lines": [303, 306, 307, 309, 310, 312, 313, 314], "summary": {"covered_lines": 8, "num_statements": 8, "percent_covered": 100.0, "percent_covered_display": "100", "missing_lines": 0, "excluded_lines": 0}, "missing_lines": [], "excluded_lines": []}, "TestWebSocketHealthMonitor.test_multiple_disconnects": {"executed_lines": [318, 320, 321, 323, 324], "summary": {"covered_lines": 5, "num_statements": 5, "percent_covered": 100.0, "percent_covered_display": "100", "missing_lines": 0, "excluded_lines": 0}, "missing_lines": [], "excluded_lines": []}, "TestWebSocketHealthMonitorIntegration.test_realistic_healthy_scenario": {"executed_lines": [333, 336, 337, 338, 339, 341, 342, 343, 344], "summary": {"covered_lines": 9, "num_statements": 9, "percent_covered": 100.0, "percent_covered_display": "100", "missing_lines": 0, "excluded_lines": 0}, "missing_lines": [], "excluded_lines": []}, "TestWebSocketHealthMonitorIntegration.test_realistic_unhealthy_scenario": {"executed_lines": [349, 354, 355, 358, 361, 362], "summary": {"covered_lines": 6, "num_statements": 6, "percent_covered": 100.0, "percent_covered_display": "100", "missing_lines": 0, "excluded_lines": 0}, "missing_lines": [], "excluded_lines": []}, "TestWebSocketHealthMonitorIntegration.test_recovery_scenario": {"executed_lines": [367, 372, 373, 376, 377, 380, 381, 382], "summary": {"covered_lines": 8, "num_statements": 8, "percent_covered": 100.0, "percent_covered_display": "100", "missing_lines": 0, "excluded_lines": 0}, "missing_lines": [], "excluded_lines": []}, "TestWebSocketHealthMonitorIntegration.test_high_message_rate": {"executed_lines": [387, 390, 391, 392, 393, 395, 398, 399, 400], "summary": {"covered_lines": 9, "num_statements": 9, "percent_covered": 100.0, "percent_covered_display": "100", "missing_lines": 0, "excluded_lines": 0}, "missing_lines": [], "excluded_lines": []}, "": {"executed_lines": [1, 8, 9, 10, 11, 17, 18, 20, 30, 31, 33, 41, 54, 64, 79, 91, 102, 111, 121, 122, 139, 155, 170, 171, 181, 196, 197, 207, 208, 220, 247, 266, 282, 283, 301, 316, 327, 328, 330, 331, 346, 347, 364, 365, 384, 385], "summary": {"covered_lines": 42, "num_statements": 42, "percent_covered": 100.0, "percent_covered_display": "100", "missing_lines": 0, "excluded_lines": 0}, "missing_lines": [], "excluded_lines": []}}, "classes": {"TestHealthMetrics": {"executed_lines": [22, 23, 24, 25, 26, 27], "summary": {"covered_lines": 6, "num_statements": 6, "percent_covered": 100.0, "percent_covered_display": "100", "missing_lines": 0, "excluded_lines": 0}, "missing_lines": [], "excluded_lines": []}, "TestWebSocketHealthMonitor": {"executed_lines": [35, 36, 37, 38, 39, 43, 45, 46, 47, 49, 50, 51, 52, 56, 58, 59, 61, 62, 66, 69, 70, 73, 74, 76, 77, 81, 84, 85, 86, 89, 93, 94, 96, 98, 99, 100, 104, 106, 108, 109, 113, 115, 116, 118, 119, 124, 129, 132, 134, 136, 137, 141, 144, 145, 157, 160, 163, 164, 166, 167, 168, 173, 175, 176, 178, 179, 183, 186, 189, 190, 192, 193, 194, 199, 201, 202, 204, 205, 210, 213, 214, 215, 218, 222, 224, 225, 226, 228, 231, 232, 233, 234, 235, 236, 237, 238, 239, 240, 243, 244, 245, 249, 252, 253, 254, 255, 258, 261, 262, 263, 264, 268, 274, 275, 276, 279, 280, 285, 290, 291, 294, 295, 298, 299, 303, 306, 307, 309, 310, 312, 313, 314, 318, 320, 321, 323, 324], "summary": {"covered_lines": 137, "num_statements": 142, "percent_covered": 96.47887323943662, "percent_covered_display": "96", "missing_lines": 5, "excluded_lines": 0}, "missing_lines": [147, 148, 151, 152, 153], "excluded_lines": []}, "TestWebSocketHealthMonitorIntegration": {"executed_lines": [333, 336, 337, 338, 339, 341, 342, 343, 344, 349, 354, 355, 358, 361, 362, 367, 372, 373, 376, 377, 380, 381, 382, 387, 390, 391, 392, 393, 395, 398, 399, 400], "summary": {"covered_lines": 32, "num_statements": 32, "percent_covered": 100.0, "percent_covered_display": "100", "missing_lines": 0, "excluded_lines": 0}, "missing_lines": [], "excluded_lines": []}, "": {"executed_lines": [1, 8, 9, 10, 11, 17, 18, 20, 30, 31, 33, 41, 54, 64, 79, 91, 102, 111, 121, 122, 139, 155, 170, 171, 181, 196, 197, 207, 208, 220, 247, 266, 282, 283, 301, 316, 327, 328, 330, 331, 346, 347, 364, 365, 384, 385], "summary": {"covered_lines": 42, "num_statements": 42, "percent_covered": 100.0, "percent_covered_display": "100", "missing_lines": 0, "excluded_lines": 0}, "missing_lines": [], "excluded_lines": []}}}, "workspace/tests/unit/test_websocket_reconnection.py": {"executed_lines": [1, 8, 9, 10, 11, 17, 18, 20, 22, 23, 24, 25, 26, 27, 29, 31, 32, 34, 36, 37, 38, 40, 41, 43, 45, 46, 47, 50, 52, 54, 55, 58, 59, 61, 63, 64, 65, 66, 67, 68, 70, 72, 74, 75, 76, 77, 78, 81, 82, 85, 86, 88, 90, 93, 94, 97, 99, 101, 107, 109, 110, 111, 112, 114, 115, 117, 119, 121, 123, 126, 128, 129, 130, 131, 132, 133, 135, 136, 138, 140, 142, 144, 145, 146, 149, 151, 152, 153, 154, 155, 157, 158, 160, 164, 166, 168, 169, 171, 173, 174, 175, 176, 177, 179, 180, 182, 184, 185, 187, 188, 189, 191, 193, 195, 196, 197, 199, 202, 203, 204, 206, 207, 209, 211, 213, 214, 215, 217, 219, 221, 222, 223, 225, 227, 229, 231, 232, 234, 236, 237, 239, 241, 242, 244, 247, 249, 251, 252, 254, 256, 258, 260, 261, 262, 263, 264, 266, 268, 269, 270, 271, 272, 273, 274, 276, 277, 279, 282, 283, 286, 287, 290, 293, 294, 296, 299, 301, 302, 304, 307, 308, 310, 313, 316, 317, 320, 323, 324, 325, 328, 329, 331, 332, 334, 336, 337, 340, 341, 344, 345, 346, 349, 350, 351, 354, 355, 357, 358, 360, 362, 363, 366, 369, 370, 373, 374, 375], "summary": {"covered_lines": 213, "num_statements": 213, "percent_covered": 100.0, "percent_covered_display": "100", "missing_lines": 0, "excluded_lines": 0}, "missing_lines": [], "excluded_lines": [], "functions": {"TestReconnectionStats.test_initial_stats": {"executed_lines": [22, 23, 24, 25, 26, 27], "summary": {"covered_lines": 6, "num_statements": 6, "percent_covered": 100.0, "percent_covered_display": "100", "missing_lines": 0, "excluded_lines": 0}, "missing_lines": [], "excluded_lines": []}, "TestReconnectionStats.test_uptime_calculation_no_connection": {"executed_lines": [31, 32], "summary": {"covered_lines": 2, "num_statements": 2, "percent_covered": 100.0, "percent_covered_display": "100", "missing_lines": 0, "excluded_lines": 0}, "missing_lines": [], "excluded_lines": []}, "TestReconnectionStats.test_uptime_calculation_100_percent": {"executed_lines": [36, 37, 38, 40, 41], "summary": {"covered_lines": 5, "num_statements": 5, "percent_covered": 100.0, "percent_covered_display": "100", "missing_lines": 0, "excluded_lines": 0}, "missing_lines": [], "excluded_lines": []}, "TestReconnectionStats.test_uptime_calculation_with_downtime": {"executed_lines": [45, 46, 47, 50, 52, 54, 55], "summary": {"covered_lines": 7, "num_statements": 7, "percent_covered": 100.0, "percent_covered_display": "100", "missing_lines": 0, "excluded_lines": 0}, "missing_lines": [], "excluded_lines": []}, "TestWebSocketReconnectionManager.test_initialization": {"executed_lines": [63, 64, 65, 66, 67, 68], "summary": {"covered_lines": 6, "num_statements": 6, "percent_covered": 100.0, "percent_covered_display": "100", "missing_lines": 0, "excluded_lines": 0}, "missing_lines": [], "excluded_lines": []}, "TestWebSocketReconnectionManager.test_exponential_backoff_calculation": {"executed_lines": [72, 74, 75, 76, 77, 78, 81, 82, 85, 86], "summary": {"covered_lines": 10, "num_statements": 10, "percent_covered": 100.0, "percent_covered_display": "100", "missing_lines": 0, "excluded_lines": 0}, "missing_lines": [], "excluded_lines": []}, "TestWebSocketReconnectionManager.test_backoff_respects_max_delay": {"executed_lines": [90, 93, 94, 97], "summary": {"covered_lines": 4, "num_statements": 4, "percent_covered": 100.0, "percent_covered_display": "100", "missing_lines": 0, "excluded_lines": 0}, "missing_lines": [], "excluded_lines": []}, "TestWebSocketReconnectionManager.test_backoff_with_zero_jitter": {"executed_lines": [101, 107, 109, 110, 111, 112], "summary": {"covered_lines": 6, "num_statements": 6, "percent_covered": 100.0, "percent_covered_display": "100", "missing_lines": 0, "excluded_lines": 0}, "missing_lines": [], "excluded_lines": []}, "TestWebSocketReconnectionManager.test_successful_connection_first_attempt": {"executed_lines": [117, 119, 121, 126, 128, 129, 130, 131, 132, 133], "summary": {"covered_lines": 10, "num_statements": 10, "percent_covered": 100.0, "percent_covered_display": "100", "missing_lines": 0, "excluded_lines": 0}, "missing_lines": [], "excluded_lines": []}, "TestWebSocketReconnectionManager.test_successful_connection_first_attempt.mock_connect": {"executed_lines": [123], "summary": {"covered_lines": 1, "num_statements": 1, "percent_covered": 100.0, "percent_covered_display": "100", "missing_lines": 0, "excluded_lines": 0}, "missing_lines": [], "excluded_lines": []}, "TestWebSocketReconnectionManager.test_successful_connection_after_retries": {"executed_lines": [138, 140, 142, 149, 151, 152, 153, 154, 155], "summary": {"covered_lines": 9, "num_statements": 9, "percent_covered": 100.0, "percent_covered_display": "100", "missing_lines": 0, "excluded_lines": 0}, "missing_lines": [], "excluded_lines": []}, "TestWebSocketReconnectionManager.test_successful_connection_after_retries.mock_connect": {"executed_lines": [144, 145, 146], "summary": {"covered_lines": 3, "num_statements": 3, "percent_covered": 100.0, "percent_covered_display": "100", "missing_lines": 0, "excluded_lines": 0}, "missing_lines": [], "excluded_lines": []}, "TestWebSocketReconnectionManager.test_max_attempts_reached": {"executed_lines": [160, 164, 166, 171, 173, 174, 175, 176, 177], "summary": {"covered_lines": 9, "num_statements": 9, "percent_covered": 100.0, "percent_covered_display": "100", "missing_lines": 0, "excluded_lines": 0}, "missing_lines": [], "excluded_lines": []}, "TestWebSocketReconnectionManager.test_max_attempts_reached.mock_connect": {"executed_lines": [168, 169], "summary": {"covered_lines": 2, "num_statements": 2, "percent_covered": 100.0, "percent_covered_display": "100", "missing_lines": 0, "excluded_lines": 0}, "missing_lines": [], "excluded_lines": []}, "TestWebSocketReconnectionManager.test_on_attempt_callback": {"executed_lines": [182, 184, 185, 187, 191, 193, 199, 202, 203, 204], "summary": {"covered_lines": 10, "num_statements": 10, "percent_covered": 100.0, "percent_covered_display": "100", "missing_lines": 0, "excluded_lines": 0}, "missing_lines": [], "excluded_lines": []}, "TestWebSocketReconnectionManager.test_on_attempt_callback.on_attempt": {"executed_lines": [188, 189], "summary": {"covered_lines": 2, "num_statements": 2, "percent_covered": 100.0, "percent_covered_display": "100", "missing_lines": 0, "excluded_lines": 0}, "missing_lines": [], "excluded_lines": []}, "TestWebSocketReconnectionManager.test_on_attempt_callback.mock_connect": {"executed_lines": [195, 196, 197], "summary": {"covered_lines": 3, "num_statements": 3, "percent_covered": 100.0, "percent_covered_display": "100", "missing_lines": 0, "excluded_lines": 0}, "missing_lines": [], "excluded_lines": []}, "TestWebSocketReconnectionManager.test_on_attempt_async_callback": {"executed_lines": [209, 211, 213, 217, 219, 225, 227], "summary": {"covered_lines": 7, "num_statements": 7, "percent_covered": 100.0, "percent_covered_display": "100", "missing_lines": 0, "excluded_lines": 0}, "missing_lines": [], "excluded_lines": []}, "TestWebSocketReconnectionManager.test_on_attempt_async_callback.on_attempt_async": {"executed_lines": [214, 215], "summary": {"covered_lines": 2, "num_statements": 2, "percent_covered": 100.0, "percent_covered_display": "100", "missing_lines": 0, "excluded_lines": 0}, "missing_lines": [], "excluded_lines": []}, "TestWebSocketReconnectionManager.test_on_attempt_async_callback.mock_connect": {"executed_lines": [221, 222, 223], "summary": {"covered_lines": 3, "num_statements": 3, "percent_covered": 100.0, "percent_covered_display": "100", "missing_lines": 0, "excluded_lines": 0}, "missing_lines": [], "excluded_lines": []}, "TestWebSocketReconnectionManager.test_mark_disconnected": {"executed_lines": [231, 232, 234, 236, 237], "summary": {"covered_lines": 5, "num_statements": 5, "percent_covered": 100.0, "percent_covered_display": "100", "missing_lines": 0, "excluded_lines": 0}, "missing_lines": [], "excluded_lines": []}, "TestWebSocketReconnectionManager.test_mark_disconnected_when_already_disconnected": {"executed_lines": [241, 242, 244, 247], "summary": {"covered_lines": 4, "num_statements": 4, "percent_covered": 100.0, "percent_covered_display": "100", "missing_lines": 0, "excluded_lines": 0}, "missing_lines": [], "excluded_lines": []}, "TestWebSocketReconnectionManager.test_reset_backoff": {"executed_lines": [251, 252, 254, 256], "summary": {"covered_lines": 4, "num_statements": 4, "percent_covered": 100.0, "percent_covered_display": "100", "missing_lines": 0, "excluded_lines": 0}, "missing_lines": [], "excluded_lines": []}, "TestWebSocketReconnectionManager.test_get_stats": {"executed_lines": [260, 261, 262, 263, 264, 266, 268, 269, 270, 271, 272, 273, 274], "summary": {"covered_lines": 13, "num_statements": 13, "percent_covered": 100.0, "percent_covered_display": "100", "missing_lines": 0, "excluded_lines": 0}, "missing_lines": [], "excluded_lines": []}, "TestWebSocketReconnectionManager.test_downtime_tracking": {"executed_lines": [279, 282, 283, 286, 287, 290, 293, 296, 299], "summary": {"covered_lines": 9, "num_statements": 9, "percent_covered": 100.0, "percent_covered_display": "100", "missing_lines": 0, "excluded_lines": 0}, "missing_lines": [], "excluded_lines": []}, "TestWebSocketReconnectionManager.test_downtime_tracking.mock_connect": {"executed_lines": [294], "summary": {"covered_lines": 1, "num_statements": 1, "percent_covered": 100.0, "percent_covered_display": "100", "missing_lines": 0, "excluded_lines": 0}, "missing_lines": [], "excluded_lines": []}, "TestWebSocketReconnectionManager.test_uptime_percentage_after_reconnect": {"executed_lines": [304, 307, 310, 313, 316, 317, 320, 323, 324, 325], "summary": {"covered_lines": 10, "num_statements": 10, "percent_covered": 100.0, "percent_covered_display": "100", "missing_lines": 0, "excluded_lines": 0}, "missing_lines": [], "excluded_lines": []}, "TestWebSocketReconnectionManager.test_uptime_percentage_after_reconnect.mock_connect": {"executed_lines": [308], "summary": {"covered_lines": 1, "num_statements": 1, "percent_covered": 100.0, "percent_covered_display": "100", "missing_lines": 0, "excluded_lines": 0}, "missing_lines": [], "excluded_lines": []}, "TestReconnectionManagerIntegration.test_multiple_reconnection_cycles": {"executed_lines": [334, 336, 340, 341, 344, 345, 346, 349, 350, 351, 354, 355], "summary": {"covered_lines": 12, "num_statements": 12, "percent_covered": 100.0, "percent_covered_display": "100", "missing_lines": 0, "excluded_lines": 0}, "missing_lines": [], "excluded_lines": []}, "TestReconnectionManagerIntegration.test_multiple_reconnection_cycles.mock_connect": {"executed_lines": [337], "summary": {"covered_lines": 1, "num_statements": 1, "percent_covered": 100.0, "percent_covered_display": "100", "missing_lines": 0, "excluded_lines": 0}, "missing_lines": [], "excluded_lines": []}, "TestReconnectionManagerIntegration.test_concurrent_connection_attempts_prevented": {"executed_lines": [360, 362, 366, 369, 370, 373, 374, 375], "summary": {"covered_lines": 8, "num_statements": 8, "percent_covered": 100.0, "percent_covered_display": "100", "missing_lines": 0, "excluded_lines": 0}, "missing_lines": [], "excluded_lines": []}, "TestReconnectionManagerIntegration.test_concurrent_connection_attempts_prevented.slow_connect": {"executed_lines": [363], "summary": {"covered_lines": 1, "num_statements": 1, "percent_covered": 100.0, "percent_covered_display": "100", "missing_lines": 0, "excluded_lines": 0}, "missing_lines": [], "excluded_lines": []}, "": {"executed_lines": [1, 8, 9, 10, 11, 17, 18, 20, 29, 34, 43, 58, 59, 61, 70, 88, 99, 114, 115, 135, 136, 157, 158, 179, 180, 206, 207, 229, 239, 249, 258, 276, 277, 301, 302, 328, 329, 331, 332, 357, 358], "summary": {"covered_lines": 37, "num_statements": 37, "percent_covered": 100.0, "percent_covered_display": "100", "missing_lines": 0, "excluded_lines": 0}, "missing_lines": [], "excluded_lines": []}}, "classes": {"TestReconnectionStats": {"executed_lines": [22, 23, 24, 25, 26, 27, 31, 32, 36, 37, 38, 40, 41, 45, 46, 47, 50, 52, 54, 55], "summary": {"covered_lines": 20, "num_statements": 20, "percent_covered": 100.0, "percent_covered_display": "100", "missing_lines": 0, "excluded_lines": 0}, "missing_lines": [], "excluded_lines": []}, "TestWebSocketReconnectionManager": {"executed_lines": [63, 64, 65, 66, 67, 68, 72, 74, 75, 76, 77, 78, 81, 82, 85, 86, 90, 93, 94, 97, 101, 107, 109, 110, 111, 112, 117, 119, 121, 123, 126, 128, 129, 130, 131, 132, 133, 138, 140, 142, 144, 145, 146, 149, 151, 152, 153, 154, 155, 160, 164, 166, 168, 169, 171, 173, 174, 175, 176, 177, 182, 184, 185, 187, 188, 189, 191, 193, 195, 196, 197, 199, 202, 203, 204, 209, 211, 213, 214, 215, 217, 219, 221, 222, 223, 225, 227, 231, 232, 234, 236, 237, 241, 242, 244, 247, 251, 252, 254, 256, 260, 261, 262, 263, 264, 266, 268, 269, 270, 271, 272, 273, 274, 279, 282, 283, 286, 287, 290, 293, 294, 296, 299, 304, 307, 308, 310, 313, 316, 317, 320, 323, 324, 325], "summary": {"covered_lines": 134, "num_statements": 134, "percent_covered": 100.0, "percent_covered_display": "100", "missing_lines": 0, "excluded_lines": 0}, "missing_lines": [], "excluded_lines": []}, "TestReconnectionManagerIntegration": {"executed_lines": [334, 336, 337, 340, 341, 344, 345, 346, 349, 350, 351, 354, 355, 360, 362, 363, 366, 369, 370, 373, 374, 375], "summary": {"covered_lines": 22, "num_statements": 22, "percent_covered": 100.0, "percent_covered_display": "100", "missing_lines": 0, "excluded_lines": 0}, "missing_lines": [], "excluded_lines": []}, "": {"executed_lines": [1, 8, 9, 10, 11, 17, 18, 20, 29, 34, 43, 58, 59, 61, 70, 88, 99, 114, 115, 135, 136, 157, 158, 179, 180, 206, 207, 229, 239, 249, 258, 276, 277, 301, 302, 328, 329, 331, 332, 357, 358], "summary": {"covered_lines": 37, "num_statements": 37, "percent_covered": 100.0, "percent_covered_display": "100", "missing_lines": 0, "excluded_lines": 0}, "missing_lines": [], "excluded_lines": []}}}}, "totals": {"covered_lines": 13761, "num_statements": 18122, "percent_covered": 75.93532722657544, "percent_covered_display": "76", "missing_lines": 4361, "excluded_lines": 0}}
